I0511 10:49:11.831958       1 network_score_plugin.go:150] [Score] Pod emailservice-cbd4bb846-bkkck has no dependency or reverse dependency; assigning default score
I0511 10:49:11.834913       1 network_score_plugin.go:155] [Score] Pod emailservice-cbd4bb846-bkkck, Node 1402, FinalScore=%!f(int64=0)
I0511 10:49:11.846961       1 network_score_plugin.go:150] [Score] Pod emailservice-cbd4bb846-bkkck has no dependency or reverse dependency; assigning default score
I0511 10:49:11.852159       1 network_score_plugin.go:155] [Score] Pod emailservice-cbd4bb846-bkkck, Node 1417, FinalScore=%!f(int64=0)
I0511 10:49:11.864877       1 network_score_plugin.go:150] [Score] Pod emailservice-cbd4bb846-bkkck has no dependency or reverse dependency; assigning default score
I0511 10:49:11.865385       1 network_score_plugin.go:155] [Score] Pod emailservice-cbd4bb846-bkkck, Node 1415, FinalScore=%!f(int64=0)
I0511 10:49:11.864949       1 network_score_plugin.go:150] [Score] Pod emailservice-cbd4bb846-bkkck has no dependency or reverse dependency; assigning default score
I0511 10:49:11.865710       1 network_score_plugin.go:155] [Score] Pod emailservice-cbd4bb846-bkkck, Node 1419, FinalScore=%!f(int64=0)
I0511 10:49:11.869401       1 network_score_plugin.go:150] [Score] Pod emailservice-cbd4bb846-bkkck has no dependency or reverse dependency; assigning default score
I0511 10:49:11.887732       1 network_score_plugin.go:155] [Score] Pod emailservice-cbd4bb846-bkkck, Node 1409, FinalScore=%!f(int64=0)
I0511 10:49:11.888781       1 network_score_plugin.go:150] [Score] Pod emailservice-cbd4bb846-bkkck has no dependency or reverse dependency; assigning default score
I0511 10:49:11.889096       1 network_score_plugin.go:155] [Score] Pod emailservice-cbd4bb846-bkkck, Node 1407, FinalScore=%!f(int64=0)
I0511 10:49:11.891419       1 network_score_plugin.go:150] [Score] Pod emailservice-cbd4bb846-bkkck has no dependency or reverse dependency; assigning default score
I0511 10:49:11.899548       1 network_score_plugin.go:155] [Score] Pod emailservice-cbd4bb846-bkkck, Node 1403, FinalScore=%!f(int64=0)
I0511 10:49:11.897142       1 network_score_plugin.go:150] [Score] Pod emailservice-cbd4bb846-bkkck has no dependency or reverse dependency; assigning default score
I0511 10:49:11.907760       1 network_score_plugin.go:155] [Score] Pod emailservice-cbd4bb846-bkkck, Node 1405, FinalScore=%!f(int64=0)
I0511 10:49:11.877316       1 network_score_plugin.go:150] [Score] Pod emailservice-cbd4bb846-bkkck has no dependency or reverse dependency; assigning default score
I0511 10:49:11.876559       1 network_score_plugin.go:150] [Score] Pod emailservice-cbd4bb846-bkkck has no dependency or reverse dependency; assigning default score
I0511 10:49:11.909769       1 network_score_plugin.go:155] [Score] Pod emailservice-cbd4bb846-bkkck, Node 1411, FinalScore=%!f(int64=0)
I0511 10:49:11.910455       1 network_score_plugin.go:155] [Score] Pod emailservice-cbd4bb846-bkkck, Node 1413, FinalScore=%!f(int64=0)
I0511 10:49:11.918964       1 network_score_plugin.go:150] [Score] Pod emailservice-cbd4bb846-bkkck has no dependency or reverse dependency; assigning default score
I0511 10:49:11.926565       1 network_score_plugin.go:155] [Score] Pod emailservice-cbd4bb846-bkkck, Node 1418, FinalScore=%!f(int64=0)
I0511 10:49:11.939831       1 network_score_plugin.go:150] [Score] Pod emailservice-cbd4bb846-bkkck has no dependency or reverse dependency; assigning default score
I0511 10:49:11.940040       1 network_score_plugin.go:155] [Score] Pod emailservice-cbd4bb846-bkkck, Node 1420, FinalScore=%!f(int64=0)
I0511 10:49:11.949600       1 network_score_plugin.go:150] [Score] Pod emailservice-cbd4bb846-bkkck has no dependency or reverse dependency; assigning default score
I0511 10:49:11.949664       1 network_score_plugin.go:155] [Score] Pod emailservice-cbd4bb846-bkkck, Node 1408, FinalScore=%!f(int64=0)
I0511 10:49:11.960264       1 network_score_plugin.go:150] [Score] Pod emailservice-cbd4bb846-bkkck has no dependency or reverse dependency; assigning default score
I0511 10:49:11.960444       1 network_score_plugin.go:155] [Score] Pod emailservice-cbd4bb846-bkkck, Node 1404, FinalScore=%!f(int64=0)
I0511 10:49:11.968135       1 network_score_plugin.go:150] [Score] Pod emailservice-cbd4bb846-bkkck has no dependency or reverse dependency; assigning default score
I0511 10:49:11.969556       1 network_score_plugin.go:155] [Score] Pod emailservice-cbd4bb846-bkkck, Node 1406, FinalScore=%!f(int64=0)
I0511 10:49:11.969025       1 network_score_plugin.go:150] [Score] Pod emailservice-cbd4bb846-bkkck has no dependency or reverse dependency; assigning default score
I0511 10:49:11.970731       1 network_score_plugin.go:155] [Score] Pod emailservice-cbd4bb846-bkkck, Node 1410, FinalScore=%!f(int64=0)
I0511 10:49:11.969049       1 network_score_plugin.go:150] [Score] Pod emailservice-cbd4bb846-bkkck has no dependency or reverse dependency; assigning default score
I0511 10:49:11.971776       1 network_score_plugin.go:155] [Score] Pod emailservice-cbd4bb846-bkkck, Node 1416, FinalScore=%!f(int64=0)
I0511 10:49:11.972971       1 network_score_plugin.go:150] [Score] Pod emailservice-cbd4bb846-bkkck has no dependency or reverse dependency; assigning default score
I0511 10:49:11.975455       1 network_score_plugin.go:155] [Score] Pod emailservice-cbd4bb846-bkkck, Node 1412, FinalScore=%!f(int64=0)
I0511 10:49:11.974698       1 network_score_plugin.go:150] [Score] Pod emailservice-cbd4bb846-bkkck has no dependency or reverse dependency; assigning default score
I0511 10:49:11.976740       1 network_score_plugin.go:155] [Score] Pod emailservice-cbd4bb846-bkkck, Node 1414, FinalScore=%!f(int64=0)
I0511 10:49:12.227052       1 network_score_plugin.go:155] [Score] Pod checkoutservice-74dcc978d4-rk6z5, Node 1414, FinalScore=%!f(int64=96)
I0511 10:49:12.240462       1 network_score_plugin.go:155] [Score] Pod checkoutservice-74dcc978d4-rk6z5, Node 1402, FinalScore=%!f(int64=80)
I0511 10:49:12.243402       1 network_score_plugin.go:155] [Score] Pod checkoutservice-74dcc978d4-rk6z5, Node 1406, FinalScore=%!f(int64=80)
I0511 10:49:12.247779       1 network_score_plugin.go:155] [Score] Pod checkoutservice-74dcc978d4-rk6z5, Node 1404, FinalScore=%!f(int64=81)
I0511 10:49:12.257340       1 network_score_plugin.go:155] [Score] Pod checkoutservice-74dcc978d4-rk6z5, Node 1412, FinalScore=%!f(int64=96)
I0511 10:49:12.264802       1 network_score_plugin.go:155] [Score] Pod checkoutservice-74dcc978d4-rk6z5, Node 1420, FinalScore=%!f(int64=29)
I0511 10:49:12.270861       1 network_score_plugin.go:155] [Score] Pod checkoutservice-74dcc978d4-rk6z5, Node 1415, FinalScore=%!f(int64=96)
I0511 10:49:12.274192       1 network_score_plugin.go:155] [Score] Pod checkoutservice-74dcc978d4-rk6z5, Node 1403, FinalScore=%!f(int64=80)
I0511 10:49:12.278144       1 network_score_plugin.go:155] [Score] Pod checkoutservice-74dcc978d4-rk6z5, Node 1418, FinalScore=%!f(int64=39)
I0511 10:49:12.282815       1 network_score_plugin.go:155] [Score] Pod checkoutservice-74dcc978d4-rk6z5, Node 1410, FinalScore=%!f(int64=67)
I0511 10:49:12.289736       1 network_score_plugin.go:155] [Score] Pod checkoutservice-74dcc978d4-rk6z5, Node 1408, FinalScore=%!f(int64=62)
I0511 10:49:12.295083       1 network_score_plugin.go:155] [Score] Pod checkoutservice-74dcc978d4-rk6z5, Node 1416, FinalScore=%!f(int64=96)
I0511 10:49:12.297217       1 network_score_plugin.go:155] [Score] Pod checkoutservice-74dcc978d4-rk6z5, Node 1405, FinalScore=%!f(int64=70)
I0511 10:49:12.291177       1 network_score_plugin.go:155] [Score] Pod checkoutservice-74dcc978d4-rk6z5, Node 1407, FinalScore=%!f(int64=63)
I0511 10:49:12.285698       1 network_score_plugin.go:155] [Score] Pod checkoutservice-74dcc978d4-rk6z5, Node 1413, FinalScore=%!f(int64=80)
I0511 10:49:12.309632       1 network_score_plugin.go:155] [Score] Pod checkoutservice-74dcc978d4-rk6z5, Node 1419, FinalScore=%!f(int64=40)
I0511 10:49:12.315218       1 network_score_plugin.go:155] [Score] Pod checkoutservice-74dcc978d4-rk6z5, Node 1411, FinalScore=%!f(int64=62)
I0511 10:49:12.319157       1 network_score_plugin.go:155] [Score] Pod checkoutservice-74dcc978d4-rk6z5, Node 1409, FinalScore=%!f(int64=67)
I0511 10:49:12.320703       1 network_score_plugin.go:155] [Score] Pod checkoutservice-74dcc978d4-rk6z5, Node 1417, FinalScore=%!f(int64=29)
I0511 10:49:12.495841       1 network_score_plugin.go:150] [Score] Pod recommendationservice-6698655bdb-g9mmb has no dependency or reverse dependency; assigning default score
I0511 10:49:12.495867       1 network_score_plugin.go:155] [Score] Pod recommendationservice-6698655bdb-g9mmb, Node 1413, FinalScore=%!f(int64=0)
I0511 10:49:12.507897       1 network_score_plugin.go:150] [Score] Pod recommendationservice-6698655bdb-g9mmb has no dependency or reverse dependency; assigning default score
I0511 10:49:12.507963       1 network_score_plugin.go:155] [Score] Pod recommendationservice-6698655bdb-g9mmb, Node 1415, FinalScore=%!f(int64=0)
I0511 10:49:12.509699       1 network_score_plugin.go:150] [Score] Pod recommendationservice-6698655bdb-g9mmb has no dependency or reverse dependency; assigning default score
I0511 10:49:12.509759       1 network_score_plugin.go:155] [Score] Pod recommendationservice-6698655bdb-g9mmb, Node 1407, FinalScore=%!f(int64=0)
I0511 10:49:12.513151       1 network_score_plugin.go:150] [Score] Pod recommendationservice-6698655bdb-g9mmb has no dependency or reverse dependency; assigning default score
I0511 10:49:12.513380       1 network_score_plugin.go:155] [Score] Pod recommendationservice-6698655bdb-g9mmb, Node 1411, FinalScore=%!f(int64=0)
I0511 10:49:12.520363       1 network_score_plugin.go:150] [Score] Pod recommendationservice-6698655bdb-g9mmb has no dependency or reverse dependency; assigning default score
I0511 10:49:12.521912       1 network_score_plugin.go:155] [Score] Pod recommendationservice-6698655bdb-g9mmb, Node 1405, FinalScore=%!f(int64=0)
I0511 10:49:12.529553       1 network_score_plugin.go:150] [Score] Pod recommendationservice-6698655bdb-g9mmb has no dependency or reverse dependency; assigning default score
I0511 10:49:12.538918       1 network_score_plugin.go:155] [Score] Pod recommendationservice-6698655bdb-g9mmb, Node 1409, FinalScore=%!f(int64=0)
I0511 10:49:12.533445       1 network_score_plugin.go:150] [Score] Pod recommendationservice-6698655bdb-g9mmb has no dependency or reverse dependency; assigning default score
I0511 10:49:12.541564       1 network_score_plugin.go:155] [Score] Pod recommendationservice-6698655bdb-g9mmb, Node 1419, FinalScore=%!f(int64=0)
I0511 10:49:12.542882       1 network_score_plugin.go:150] [Score] Pod recommendationservice-6698655bdb-g9mmb has no dependency or reverse dependency; assigning default score
I0511 10:49:12.543380       1 network_score_plugin.go:155] [Score] Pod recommendationservice-6698655bdb-g9mmb, Node 1403, FinalScore=%!f(int64=0)
I0511 10:49:12.535069       1 network_score_plugin.go:150] [Score] Pod recommendationservice-6698655bdb-g9mmb has no dependency or reverse dependency; assigning default score
I0511 10:49:12.545779       1 network_score_plugin.go:155] [Score] Pod recommendationservice-6698655bdb-g9mmb, Node 1402, FinalScore=%!f(int64=0)
I0511 10:49:12.538844       1 network_score_plugin.go:150] [Score] Pod recommendationservice-6698655bdb-g9mmb has no dependency or reverse dependency; assigning default score
I0511 10:49:12.546836       1 network_score_plugin.go:155] [Score] Pod recommendationservice-6698655bdb-g9mmb, Node 1417, FinalScore=%!f(int64=0)
I0511 10:49:12.558812       1 network_score_plugin.go:150] [Score] Pod recommendationservice-6698655bdb-g9mmb has no dependency or reverse dependency; assigning default score
I0511 10:49:12.559658       1 network_score_plugin.go:155] [Score] Pod recommendationservice-6698655bdb-g9mmb, Node 1414, FinalScore=%!f(int64=0)
I0511 10:49:12.564967       1 network_score_plugin.go:150] [Score] Pod recommendationservice-6698655bdb-g9mmb has no dependency or reverse dependency; assigning default score
I0511 10:49:12.564990       1 network_score_plugin.go:155] [Score] Pod recommendationservice-6698655bdb-g9mmb, Node 1412, FinalScore=%!f(int64=0)
I0511 10:49:12.591802       1 network_score_plugin.go:150] [Score] Pod recommendationservice-6698655bdb-g9mmb has no dependency or reverse dependency; assigning default score
I0511 10:49:12.591829       1 network_score_plugin.go:155] [Score] Pod recommendationservice-6698655bdb-g9mmb, Node 1408, FinalScore=%!f(int64=0)
I0511 10:49:12.594425       1 network_score_plugin.go:150] [Score] Pod recommendationservice-6698655bdb-g9mmb has no dependency or reverse dependency; assigning default score
I0511 10:49:12.594444       1 network_score_plugin.go:155] [Score] Pod recommendationservice-6698655bdb-g9mmb, Node 1406, FinalScore=%!f(int64=0)
I0511 10:49:12.605545       1 network_score_plugin.go:150] [Score] Pod recommendationservice-6698655bdb-g9mmb has no dependency or reverse dependency; assigning default score
I0511 10:49:12.605565       1 network_score_plugin.go:155] [Score] Pod recommendationservice-6698655bdb-g9mmb, Node 1416, FinalScore=%!f(int64=0)
I0511 10:49:12.614341       1 network_score_plugin.go:150] [Score] Pod recommendationservice-6698655bdb-g9mmb has no dependency or reverse dependency; assigning default score
I0511 10:49:12.614363       1 network_score_plugin.go:155] [Score] Pod recommendationservice-6698655bdb-g9mmb, Node 1410, FinalScore=%!f(int64=0)
I0511 10:49:12.619028       1 network_score_plugin.go:150] [Score] Pod recommendationservice-6698655bdb-g9mmb has no dependency or reverse dependency; assigning default score
I0511 10:49:12.619050       1 network_score_plugin.go:155] [Score] Pod recommendationservice-6698655bdb-g9mmb, Node 1418, FinalScore=%!f(int64=0)
I0511 10:49:12.621689       1 network_score_plugin.go:150] [Score] Pod recommendationservice-6698655bdb-g9mmb has no dependency or reverse dependency; assigning default score
I0511 10:49:12.621708       1 network_score_plugin.go:155] [Score] Pod recommendationservice-6698655bdb-g9mmb, Node 1404, FinalScore=%!f(int64=0)
I0511 10:49:12.624696       1 network_score_plugin.go:150] [Score] Pod recommendationservice-6698655bdb-g9mmb has no dependency or reverse dependency; assigning default score
I0511 10:49:12.624716       1 network_score_plugin.go:155] [Score] Pod recommendationservice-6698655bdb-g9mmb, Node 1420, FinalScore=%!f(int64=0)
I0511 10:49:12.806558       1 network_score_plugin.go:155] [Score] Pod frontend-75558d47fc-cqlmq, Node 1404, FinalScore=%!f(int64=89)
I0511 10:49:12.818208       1 network_score_plugin.go:155] [Score] Pod frontend-75558d47fc-cqlmq, Node 1418, FinalScore=%!f(int64=18)
I0511 10:49:12.827355       1 network_score_plugin.go:155] [Score] Pod frontend-75558d47fc-cqlmq, Node 1414, FinalScore=%!f(int64=87)
I0511 10:49:12.836520       1 network_score_plugin.go:155] [Score] Pod frontend-75558d47fc-cqlmq, Node 1410, FinalScore=%!f(int64=71)
I0511 10:49:12.847704       1 network_score_plugin.go:155] [Score] Pod frontend-75558d47fc-cqlmq, Node 1406, FinalScore=%!f(int64=88)
I0511 10:49:12.858794       1 network_score_plugin.go:155] [Score] Pod frontend-75558d47fc-cqlmq, Node 1405, FinalScore=%!f(int64=78)
I0511 10:49:12.863091       1 network_score_plugin.go:155] [Score] Pod frontend-75558d47fc-cqlmq, Node 1402, FinalScore=%!f(int64=88)
I0511 10:49:12.868420       1 network_score_plugin.go:155] [Score] Pod frontend-75558d47fc-cqlmq, Node 1419, FinalScore=%!f(int64=20)
I0511 10:49:12.875938       1 network_score_plugin.go:155] [Score] Pod frontend-75558d47fc-cqlmq, Node 1408, FinalScore=%!f(int64=71)
I0511 10:49:12.888264       1 network_score_plugin.go:155] [Score] Pod frontend-75558d47fc-cqlmq, Node 1412, FinalScore=%!f(int64=87)
I0511 10:49:12.898389       1 network_score_plugin.go:155] [Score] Pod frontend-75558d47fc-cqlmq, Node 1420, FinalScore=%!f(int64=20)
I0511 10:49:12.900852       1 network_score_plugin.go:155] [Score] Pod frontend-75558d47fc-cqlmq, Node 1407, FinalScore=%!f(int64=70)
I0511 10:49:12.904042       1 network_score_plugin.go:155] [Score] Pod frontend-75558d47fc-cqlmq, Node 1416, FinalScore=%!f(int64=79)
I0511 10:49:12.905930       1 network_score_plugin.go:155] [Score] Pod frontend-75558d47fc-cqlmq, Node 1403, FinalScore=%!f(int64=88)
I0511 10:49:12.913275       1 network_score_plugin.go:155] [Score] Pod frontend-75558d47fc-cqlmq, Node 1415, FinalScore=%!f(int64=87)
I0511 10:49:12.922358       1 network_score_plugin.go:155] [Score] Pod frontend-75558d47fc-cqlmq, Node 1411, FinalScore=%!f(int64=71)
I0511 10:49:12.923772       1 network_score_plugin.go:155] [Score] Pod frontend-75558d47fc-cqlmq, Node 1409, FinalScore=%!f(int64=68)
I0511 10:49:12.926576       1 network_score_plugin.go:155] [Score] Pod frontend-75558d47fc-cqlmq, Node 1413, FinalScore=%!f(int64=83)
I0511 10:49:12.928720       1 network_score_plugin.go:155] [Score] Pod frontend-75558d47fc-cqlmq, Node 1417, FinalScore=%!f(int64=18)
I0511 10:49:13.179445       1 network_score_plugin.go:155] [Score] Pod paymentservice-6797d5b7cd-bgnmd, Node 1415, FinalScore=%!f(int64=96)
I0511 10:49:13.186859       1 network_score_plugin.go:155] [Score] Pod paymentservice-6797d5b7cd-bgnmd, Node 1419, FinalScore=%!f(int64=20)
I0511 10:49:13.200879       1 network_score_plugin.go:155] [Score] Pod paymentservice-6797d5b7cd-bgnmd, Node 1402, FinalScore=%!f(int64=71)
I0511 10:49:13.209777       1 network_score_plugin.go:155] [Score] Pod paymentservice-6797d5b7cd-bgnmd, Node 1405, FinalScore=%!f(int64=81)
I0511 10:49:13.213264       1 network_score_plugin.go:155] [Score] Pod paymentservice-6797d5b7cd-bgnmd, Node 1409, FinalScore=%!f(int64=65)
I0511 10:49:13.217309       1 network_score_plugin.go:155] [Score] Pod paymentservice-6797d5b7cd-bgnmd, Node 1407, FinalScore=%!f(int64=66)
I0511 10:49:13.238386       1 network_score_plugin.go:155] [Score] Pod paymentservice-6797d5b7cd-bgnmd, Node 1413, FinalScore=%!f(int64=96)
I0511 10:49:13.240898       1 network_score_plugin.go:155] [Score] Pod paymentservice-6797d5b7cd-bgnmd, Node 1420, FinalScore=%!f(int64=37)
I0511 10:49:13.247988       1 network_score_plugin.go:155] [Score] Pod paymentservice-6797d5b7cd-bgnmd, Node 1416, FinalScore=%!f(int64=80)
I0511 10:49:13.253376       1 network_score_plugin.go:155] [Score] Pod paymentservice-6797d5b7cd-bgnmd, Node 1403, FinalScore=%!f(int64=70)
I0511 10:49:13.257824       1 network_score_plugin.go:155] [Score] Pod paymentservice-6797d5b7cd-bgnmd, Node 1410, FinalScore=%!f(int64=54)
I0511 10:49:13.269021       1 network_score_plugin.go:155] [Score] Pod paymentservice-6797d5b7cd-bgnmd, Node 1408, FinalScore=%!f(int64=67)
I0511 10:49:13.259799       1 network_score_plugin.go:155] [Score] Pod paymentservice-6797d5b7cd-bgnmd, Node 1406, FinalScore=%!f(int64=79)
I0511 10:49:13.272845       1 network_score_plugin.go:155] [Score] Pod paymentservice-6797d5b7cd-bgnmd, Node 1417, FinalScore=%!f(int64=28)
I0511 10:49:13.255436       1 network_score_plugin.go:155] [Score] Pod paymentservice-6797d5b7cd-bgnmd, Node 1411, FinalScore=%!f(int64=66)
I0511 10:49:13.279371       1 network_score_plugin.go:155] [Score] Pod paymentservice-6797d5b7cd-bgnmd, Node 1414, FinalScore=%!f(int64=96)
I0511 10:49:13.282159       1 network_score_plugin.go:155] [Score] Pod paymentservice-6797d5b7cd-bgnmd, Node 1404, FinalScore=%!f(int64=71)
I0511 10:49:13.290049       1 network_score_plugin.go:155] [Score] Pod paymentservice-6797d5b7cd-bgnmd, Node 1412, FinalScore=%!f(int64=96)
I0511 10:49:13.292439       1 network_score_plugin.go:155] [Score] Pod paymentservice-6797d5b7cd-bgnmd, Node 1418, FinalScore=%!f(int64=40)
I0511 10:49:13.436562       1 network_score_plugin.go:155] [Score] Pod productcatalogservice-77d5545c66-8bgs2, Node 1402, FinalScore=%!f(int64=92)
I0511 10:49:13.439344       1 network_score_plugin.go:155] [Score] Pod productcatalogservice-77d5545c66-8bgs2, Node 1418, FinalScore=%!f(int64=18)
I0511 10:49:13.440739       1 network_score_plugin.go:155] [Score] Pod productcatalogservice-77d5545c66-8bgs2, Node 1412, FinalScore=%!f(int64=86)
I0511 10:49:13.441592       1 network_score_plugin.go:155] [Score] Pod productcatalogservice-77d5545c66-8bgs2, Node 1416, FinalScore=%!f(int64=80)
I0511 10:49:13.442856       1 network_score_plugin.go:155] [Score] Pod productcatalogservice-77d5545c66-8bgs2, Node 1414, FinalScore=%!f(int64=86)
I0511 10:49:13.452921       1 network_score_plugin.go:155] [Score] Pod productcatalogservice-77d5545c66-8bgs2, Node 1410, FinalScore=%!f(int64=76)
I0511 10:49:13.457070       1 network_score_plugin.go:155] [Score] Pod productcatalogservice-77d5545c66-8bgs2, Node 1420, FinalScore=%!f(int64=17)
I0511 10:49:13.457585       1 network_score_plugin.go:155] [Score] Pod productcatalogservice-77d5545c66-8bgs2, Node 1404, FinalScore=%!f(int64=92)
I0511 10:49:13.466902       1 network_score_plugin.go:155] [Score] Pod productcatalogservice-77d5545c66-8bgs2, Node 1413, FinalScore=%!f(int64=85)
I0511 10:49:13.467878       1 network_score_plugin.go:155] [Score] Pod productcatalogservice-77d5545c66-8bgs2, Node 1419, FinalScore=%!f(int64=19)
I0511 10:49:13.473772       1 network_score_plugin.go:155] [Score] Pod productcatalogservice-77d5545c66-8bgs2, Node 1408, FinalScore=%!f(int64=78)
I0511 10:49:13.478887       1 network_score_plugin.go:155] [Score] Pod productcatalogservice-77d5545c66-8bgs2, Node 1405, FinalScore=%!f(int64=87)
I0511 10:49:13.479718       1 network_score_plugin.go:155] [Score] Pod productcatalogservice-77d5545c66-8bgs2, Node 1411, FinalScore=%!f(int64=77)
I0511 10:49:13.481610       1 network_score_plugin.go:155] [Score] Pod productcatalogservice-77d5545c66-8bgs2, Node 1417, FinalScore=%!f(int64=15)
I0511 10:49:13.487466       1 network_score_plugin.go:155] [Score] Pod productcatalogservice-77d5545c66-8bgs2, Node 1415, FinalScore=%!f(int64=85)
I0511 10:49:13.489430       1 network_score_plugin.go:155] [Score] Pod productcatalogservice-77d5545c66-8bgs2, Node 1406, FinalScore=%!f(int64=86)
I0511 10:49:13.490979       1 network_score_plugin.go:155] [Score] Pod productcatalogservice-77d5545c66-8bgs2, Node 1403, FinalScore=%!f(int64=92)
I0511 10:49:13.499468       1 network_score_plugin.go:155] [Score] Pod productcatalogservice-77d5545c66-8bgs2, Node 1409, FinalScore=%!f(int64=78)
I0511 10:49:13.502456       1 network_score_plugin.go:155] [Score] Pod productcatalogservice-77d5545c66-8bgs2, Node 1407, FinalScore=%!f(int64=79)
I0511 10:49:13.728858       1 network_score_plugin.go:155] [Score] Pod cartservice-768ccfd989-n2xv7, Node 1410, FinalScore=%!f(int64=64)
I0511 10:49:13.730722       1 network_score_plugin.go:155] [Score] Pod cartservice-768ccfd989-n2xv7, Node 1404, FinalScore=%!f(int64=83)
I0511 10:49:13.738045       1 network_score_plugin.go:155] [Score] Pod cartservice-768ccfd989-n2xv7, Node 1402, FinalScore=%!f(int64=83)
I0511 10:49:13.746980       1 network_score_plugin.go:155] [Score] Pod cartservice-768ccfd989-n2xv7, Node 1406, FinalScore=%!f(int64=75)
I0511 10:49:13.753955       1 network_score_plugin.go:155] [Score] Pod cartservice-768ccfd989-n2xv7, Node 1408, FinalScore=%!f(int64=70)
I0511 10:49:13.758966       1 network_score_plugin.go:155] [Score] Pod cartservice-768ccfd989-n2xv7, Node 1414, FinalScore=%!f(int64=80)
I0511 10:49:13.766105       1 network_score_plugin.go:155] [Score] Pod cartservice-768ccfd989-n2xv7, Node 1420, FinalScore=%!f(int64=22)
I0511 10:49:13.776287       1 network_score_plugin.go:155] [Score] Pod cartservice-768ccfd989-n2xv7, Node 1412, FinalScore=%!f(int64=80)
I0511 10:49:13.786227       1 network_score_plugin.go:155] [Score] Pod cartservice-768ccfd989-n2xv7, Node 1416, FinalScore=%!f(int64=77)
I0511 10:49:13.779142       1 network_score_plugin.go:155] [Score] Pod cartservice-768ccfd989-n2xv7, Node 1418, FinalScore=%!f(int64=24)
I0511 10:49:13.793553       1 network_score_plugin.go:155] [Score] Pod cartservice-768ccfd989-n2xv7, Node 1415, FinalScore=%!f(int64=80)
I0511 10:49:13.795949       1 network_score_plugin.go:155] [Score] Pod cartservice-768ccfd989-n2xv7, Node 1411, FinalScore=%!f(int64=70)
I0511 10:49:13.801864       1 network_score_plugin.go:155] [Score] Pod cartservice-768ccfd989-n2xv7, Node 1403, FinalScore=%!f(int64=82)
I0511 10:49:13.803030       1 network_score_plugin.go:155] [Score] Pod cartservice-768ccfd989-n2xv7, Node 1405, FinalScore=%!f(int64=86)
I0511 10:49:13.803885       1 network_score_plugin.go:155] [Score] Pod cartservice-768ccfd989-n2xv7, Node 1407, FinalScore=%!f(int64=70)
I0511 10:49:13.804704       1 network_score_plugin.go:155] [Score] Pod cartservice-768ccfd989-n2xv7, Node 1409, FinalScore=%!f(int64=69)
I0511 10:49:13.810558       1 network_score_plugin.go:155] [Score] Pod cartservice-768ccfd989-n2xv7, Node 1419, FinalScore=%!f(int64=20)
I0511 10:49:13.812145       1 network_score_plugin.go:155] [Score] Pod cartservice-768ccfd989-n2xv7, Node 1417, FinalScore=%!f(int64=19)
I0511 10:49:13.813953       1 network_score_plugin.go:155] [Score] Pod cartservice-768ccfd989-n2xv7, Node 1413, FinalScore=%!f(int64=79)
I0511 10:49:14.009950       1 network_score_plugin.go:155] [Score] Pod redis-cart-57dc9554bf-8qztw, Node 1411, FinalScore=%!f(int64=77)
I0511 10:49:14.017957       1 network_score_plugin.go:155] [Score] Pod redis-cart-57dc9554bf-8qztw, Node 1403, FinalScore=%!f(int64=100)
I0511 10:49:14.018173       1 network_score_plugin.go:155] [Score] Pod redis-cart-57dc9554bf-8qztw, Node 1415, FinalScore=%!f(int64=69)
I0511 10:49:14.020709       1 network_score_plugin.go:155] [Score] Pod redis-cart-57dc9554bf-8qztw, Node 1419, FinalScore=%!f(int64=19)
I0511 10:49:14.023581       1 network_score_plugin.go:155] [Score] Pod redis-cart-57dc9554bf-8qztw, Node 1413, FinalScore=%!f(int64=70)
I0511 10:49:14.026521       1 network_score_plugin.go:155] [Score] Pod redis-cart-57dc9554bf-8qztw, Node 1405, FinalScore=%!f(int64=80)
I0511 10:49:14.028692       1 network_score_plugin.go:155] [Score] Pod redis-cart-57dc9554bf-8qztw, Node 1409, FinalScore=%!f(int64=81)
I0511 10:49:14.033316       1 network_score_plugin.go:155] [Score] Pod redis-cart-57dc9554bf-8qztw, Node 1407, FinalScore=%!f(int64=83)
I0511 10:49:14.034979       1 network_score_plugin.go:155] [Score] Pod redis-cart-57dc9554bf-8qztw, Node 1417, FinalScore=%!f(int64=12)
I0511 10:49:14.039088       1 network_score_plugin.go:155] [Score] Pod redis-cart-57dc9554bf-8qztw, Node 1412, FinalScore=%!f(int64=74)
I0511 10:49:14.046169       1 network_score_plugin.go:155] [Score] Pod redis-cart-57dc9554bf-8qztw, Node 1402, FinalScore=%!f(int64=100)
I0511 10:49:14.063574       1 network_score_plugin.go:155] [Score] Pod redis-cart-57dc9554bf-8qztw, Node 1404, FinalScore=%!f(int64=99)
I0511 10:49:14.066741       1 network_score_plugin.go:155] [Score] Pod redis-cart-57dc9554bf-8qztw, Node 1410, FinalScore=%!f(int64=81)
I0511 10:49:14.069891       1 network_score_plugin.go:155] [Score] Pod redis-cart-57dc9554bf-8qztw, Node 1408, FinalScore=%!f(int64=75)
I0511 10:49:14.071809       1 network_score_plugin.go:155] [Score] Pod redis-cart-57dc9554bf-8qztw, Node 1418, FinalScore=%!f(int64=18)
I0511 10:49:14.073155       1 network_score_plugin.go:155] [Score] Pod redis-cart-57dc9554bf-8qztw, Node 1420, FinalScore=%!f(int64=17)
I0511 10:49:14.074771       1 network_score_plugin.go:155] [Score] Pod redis-cart-57dc9554bf-8qztw, Node 1416, FinalScore=%!f(int64=72)
I0511 10:49:14.081183       1 network_score_plugin.go:155] [Score] Pod redis-cart-57dc9554bf-8qztw, Node 1406, FinalScore=%!f(int64=99)
I0511 10:49:14.082183       1 network_score_plugin.go:155] [Score] Pod redis-cart-57dc9554bf-8qztw, Node 1414, FinalScore=%!f(int64=72)
I0511 10:49:14.259413       1 network_score_plugin.go:155] [Score] Pod currencyservice-7bf97f6db4-87hn7, Node 1404, FinalScore=%!f(int64=83)
I0511 10:49:14.264043       1 network_score_plugin.go:155] [Score] Pod currencyservice-7bf97f6db4-87hn7, Node 1408, FinalScore=%!f(int64=70)
I0511 10:49:14.269044       1 network_score_plugin.go:155] [Score] Pod currencyservice-7bf97f6db4-87hn7, Node 1412, FinalScore=%!f(int64=81)
I0511 10:49:14.274995       1 network_score_plugin.go:155] [Score] Pod currencyservice-7bf97f6db4-87hn7, Node 1410, FinalScore=%!f(int64=65)
I0511 10:49:14.283722       1 network_score_plugin.go:155] [Score] Pod currencyservice-7bf97f6db4-87hn7, Node 1420, FinalScore=%!f(int64=27)
I0511 10:49:14.293364       1 network_score_plugin.go:155] [Score] Pod currencyservice-7bf97f6db4-87hn7, Node 1402, FinalScore=%!f(int64=83)
I0511 10:49:14.302002       1 network_score_plugin.go:155] [Score] Pod currencyservice-7bf97f6db4-87hn7, Node 1406, FinalScore=%!f(int64=75)
I0511 10:49:14.318979       1 network_score_plugin.go:155] [Score] Pod currencyservice-7bf97f6db4-87hn7, Node 1405, FinalScore=%!f(int64=86)
I0511 10:49:14.321788       1 network_score_plugin.go:155] [Score] Pod currencyservice-7bf97f6db4-87hn7, Node 1409, FinalScore=%!f(int64=68)
I0511 10:49:14.326475       1 network_score_plugin.go:155] [Score] Pod currencyservice-7bf97f6db4-87hn7, Node 1418, FinalScore=%!f(int64=27)
I0511 10:49:14.337871       1 network_score_plugin.go:155] [Score] Pod currencyservice-7bf97f6db4-87hn7, Node 1416, FinalScore=%!f(int64=78)
I0511 10:49:14.342021       1 network_score_plugin.go:155] [Score] Pod currencyservice-7bf97f6db4-87hn7, Node 1414, FinalScore=%!f(int64=81)
I0511 10:49:14.339128       1 network_score_plugin.go:155] [Score] Pod currencyservice-7bf97f6db4-87hn7, Node 1413, FinalScore=%!f(int64=80)
I0511 10:49:14.339198       1 network_score_plugin.go:155] [Score] Pod currencyservice-7bf97f6db4-87hn7, Node 1411, FinalScore=%!f(int64=70)
I0511 10:49:14.362909       1 network_score_plugin.go:155] [Score] Pod currencyservice-7bf97f6db4-87hn7, Node 1407, FinalScore=%!f(int64=70)
I0511 10:49:14.366842       1 network_score_plugin.go:155] [Score] Pod currencyservice-7bf97f6db4-87hn7, Node 1403, FinalScore=%!f(int64=82)
I0511 10:49:14.371958       1 network_score_plugin.go:155] [Score] Pod currencyservice-7bf97f6db4-87hn7, Node 1417, FinalScore=%!f(int64=22)
I0511 10:49:14.374279       1 network_score_plugin.go:155] [Score] Pod currencyservice-7bf97f6db4-87hn7, Node 1419, FinalScore=%!f(int64=25)
I0511 10:49:14.376022       1 network_score_plugin.go:155] [Score] Pod currencyservice-7bf97f6db4-87hn7, Node 1415, FinalScore=%!f(int64=81)
I0511 10:49:14.548773       1 network_score_plugin.go:155] [Score] Pod shippingservice-b9547fdf8-ldbbx, Node 1418, FinalScore=%!f(int64=30)
I0511 10:49:14.558335       1 network_score_plugin.go:155] [Score] Pod shippingservice-b9547fdf8-ldbbx, Node 1416, FinalScore=%!f(int64=80)
I0511 10:49:14.593194       1 network_score_plugin.go:155] [Score] Pod shippingservice-b9547fdf8-ldbbx, Node 1406, FinalScore=%!f(int64=79)
I0511 10:49:14.596954       1 network_score_plugin.go:155] [Score] Pod shippingservice-b9547fdf8-ldbbx, Node 1420, FinalScore=%!f(int64=32)
I0511 10:49:14.597862       1 network_score_plugin.go:155] [Score] Pod shippingservice-b9547fdf8-ldbbx, Node 1402, FinalScore=%!f(int64=87)
I0511 10:49:14.598888       1 network_score_plugin.go:155] [Score] Pod shippingservice-b9547fdf8-ldbbx, Node 1408, FinalScore=%!f(int64=75)
I0511 10:49:14.600146       1 network_score_plugin.go:155] [Score] Pod shippingservice-b9547fdf8-ldbbx, Node 1414, FinalScore=%!f(int64=88)
I0511 10:49:14.600939       1 network_score_plugin.go:155] [Score] Pod shippingservice-b9547fdf8-ldbbx, Node 1410, FinalScore=%!f(int64=70)
I0511 10:49:14.605271       1 network_score_plugin.go:155] [Score] Pod shippingservice-b9547fdf8-ldbbx, Node 1412, FinalScore=%!f(int64=88)
I0511 10:49:14.607137       1 network_score_plugin.go:155] [Score] Pod shippingservice-b9547fdf8-ldbbx, Node 1404, FinalScore=%!f(int64=87)
I0511 10:49:14.610325       1 network_score_plugin.go:155] [Score] Pod shippingservice-b9547fdf8-ldbbx, Node 1419, FinalScore=%!f(int64=30)
I0511 10:49:14.623481       1 network_score_plugin.go:155] [Score] Pod shippingservice-b9547fdf8-ldbbx, Node 1417, FinalScore=%!f(int64=25)
I0511 10:49:14.635715       1 network_score_plugin.go:155] [Score] Pod shippingservice-b9547fdf8-ldbbx, Node 1407, FinalScore=%!f(int64=75)
I0511 10:49:14.638549       1 network_score_plugin.go:155] [Score] Pod shippingservice-b9547fdf8-ldbbx, Node 1411, FinalScore=%!f(int64=75)
I0511 10:49:14.644061       1 network_score_plugin.go:155] [Score] Pod shippingservice-b9547fdf8-ldbbx, Node 1413, FinalScore=%!f(int64=87)
I0511 10:49:14.646779       1 network_score_plugin.go:155] [Score] Pod shippingservice-b9547fdf8-ldbbx, Node 1409, FinalScore=%!f(int64=70)
I0511 10:49:14.650864       1 network_score_plugin.go:155] [Score] Pod shippingservice-b9547fdf8-ldbbx, Node 1415, FinalScore=%!f(int64=88)
I0511 10:49:14.652013       1 network_score_plugin.go:155] [Score] Pod shippingservice-b9547fdf8-ldbbx, Node 1403, FinalScore=%!f(int64=86)
I0511 10:49:14.655342       1 network_score_plugin.go:155] [Score] Pod shippingservice-b9547fdf8-ldbbx, Node 1405, FinalScore=%!f(int64=90)
I0511 10:49:14.889375       1 network_score_plugin.go:155] [Score] Pod adservice-79f6b8d4c6-h8s6z, Node 1402, FinalScore=%!f(int64=99)
I0511 10:49:14.895866       1 network_score_plugin.go:155] [Score] Pod adservice-79f6b8d4c6-h8s6z, Node 1412, FinalScore=%!f(int64=80)
I0511 10:49:14.901610       1 network_score_plugin.go:155] [Score] Pod adservice-79f6b8d4c6-h8s6z, Node 1410, FinalScore=%!f(int64=87)
I0511 10:49:14.904798       1 network_score_plugin.go:155] [Score] Pod adservice-79f6b8d4c6-h8s6z, Node 1404, FinalScore=%!f(int64=100)
I0511 10:49:14.913731       1 network_score_plugin.go:155] [Score] Pod adservice-79f6b8d4c6-h8s6z, Node 1414, FinalScore=%!f(int64=80)
I0511 10:49:14.918660       1 network_score_plugin.go:155] [Score] Pod adservice-79f6b8d4c6-h8s6z, Node 1420, FinalScore=%!f(int64=17)
I0511 10:49:14.919818       1 network_score_plugin.go:155] [Score] Pod adservice-79f6b8d4c6-h8s6z, Node 1408, FinalScore=%!f(int64=88)
I0511 10:49:14.928257       1 network_score_plugin.go:155] [Score] Pod adservice-79f6b8d4c6-h8s6z, Node 1416, FinalScore=%!f(int64=80)
I0511 10:49:14.932425       1 network_score_plugin.go:155] [Score] Pod adservice-79f6b8d4c6-h8s6z, Node 1418, FinalScore=%!f(int64=17)
I0511 10:49:14.933873       1 network_score_plugin.go:155] [Score] Pod adservice-79f6b8d4c6-h8s6z, Node 1406, FinalScore=%!f(int64=80)
I0511 10:49:14.938617       1 network_score_plugin.go:155] [Score] Pod adservice-79f6b8d4c6-h8s6z, Node 1413, FinalScore=%!f(int64=80)
I0511 10:49:14.989753       1 network_score_plugin.go:155] [Score] Pod adservice-79f6b8d4c6-h8s6z, Node 1405, FinalScore=%!f(int64=99)
I0511 10:49:14.992480       1 network_score_plugin.go:155] [Score] Pod adservice-79f6b8d4c6-h8s6z, Node 1415, FinalScore=%!f(int64=81)
I0511 10:49:14.997172       1 network_score_plugin.go:155] [Score] Pod adservice-79f6b8d4c6-h8s6z, Node 1411, FinalScore=%!f(int64=89)
I0511 10:49:15.002751       1 network_score_plugin.go:155] [Score] Pod adservice-79f6b8d4c6-h8s6z, Node 1403, FinalScore=%!f(int64=100)
I0511 10:49:15.013087       1 network_score_plugin.go:155] [Score] Pod adservice-79f6b8d4c6-h8s6z, Node 1409, FinalScore=%!f(int64=87)
I0511 10:49:15.015373       1 network_score_plugin.go:155] [Score] Pod adservice-79f6b8d4c6-h8s6z, Node 1417, FinalScore=%!f(int64=17)
I0511 10:49:15.017781       1 network_score_plugin.go:155] [Score] Pod adservice-79f6b8d4c6-h8s6z, Node 1419, FinalScore=%!f(int64=21)
I0511 10:49:15.019791       1 network_score_plugin.go:155] [Score] Pod adservice-79f6b8d4c6-h8s6z, Node 1407, FinalScore=%!f(int64=88)
