I0511 11:41:55.452961       1 network_score_plugin.go:150] [Score] Pod emailservice-655588dcc9-pptln has no dependency or reverse dependency; assigning default score
I0511 11:41:55.453205       1 network_score_plugin.go:155] [Score] Pod emailservice-655588dcc9-pptln, Node 1417, FinalScore=%!f(int64=0)
I0511 11:41:55.457201       1 network_score_plugin.go:150] [Score] Pod emailservice-655588dcc9-pptln has no dependency or reverse dependency; assigning default score
I0511 11:41:55.457371       1 network_score_plugin.go:155] [Score] Pod emailservice-655588dcc9-pptln, Node 1402, FinalScore=%!f(int64=0)
I0511 11:41:55.459892       1 network_score_plugin.go:150] [Score] Pod emailservice-655588dcc9-pptln has no dependency or reverse dependency; assigning default score
I0511 11:41:55.459912       1 network_score_plugin.go:155] [Score] Pod emailservice-655588dcc9-pptln, Node 1415, FinalScore=%!f(int64=0)
I0511 11:41:55.462970       1 network_score_plugin.go:150] [Score] Pod emailservice-655588dcc9-pptln has no dependency or reverse dependency; assigning default score
I0511 11:41:55.462990       1 network_score_plugin.go:155] [Score] Pod emailservice-655588dcc9-pptln, Node 1407, FinalScore=%!f(int64=0)
I0511 11:41:55.452961       1 network_score_plugin.go:150] [Score] Pod emailservice-655588dcc9-pptln has no dependency or reverse dependency; assigning default score
I0511 11:41:55.465906       1 network_score_plugin.go:155] [Score] Pod emailservice-655588dcc9-pptln, Node 1419, FinalScore=%!f(int64=0)
I0511 11:41:55.468633       1 network_score_plugin.go:150] [Score] Pod emailservice-655588dcc9-pptln has no dependency or reverse dependency; assigning default score
I0511 11:41:55.468654       1 network_score_plugin.go:155] [Score] Pod emailservice-655588dcc9-pptln, Node 1413, FinalScore=%!f(int64=0)
I0511 11:41:55.472149       1 network_score_plugin.go:150] [Score] Pod emailservice-655588dcc9-pptln has no dependency or reverse dependency; assigning default score
I0511 11:41:55.472196       1 network_score_plugin.go:155] [Score] Pod emailservice-655588dcc9-pptln, Node 1403, FinalScore=%!f(int64=0)
I0511 11:41:55.475536       1 network_score_plugin.go:150] [Score] Pod emailservice-655588dcc9-pptln has no dependency or reverse dependency; assigning default score
I0511 11:41:55.475557       1 network_score_plugin.go:155] [Score] Pod emailservice-655588dcc9-pptln, Node 1409, FinalScore=%!f(int64=0)
I0511 11:41:55.475850       1 network_score_plugin.go:150] [Score] Pod emailservice-655588dcc9-pptln has no dependency or reverse dependency; assigning default score
I0511 11:41:55.478009       1 network_score_plugin.go:155] [Score] Pod emailservice-655588dcc9-pptln, Node 1411, FinalScore=%!f(int64=0)
I0511 11:41:55.478325       1 network_score_plugin.go:150] [Score] Pod emailservice-655588dcc9-pptln has no dependency or reverse dependency; assigning default score
I0511 11:41:55.478640       1 network_score_plugin.go:155] [Score] Pod emailservice-655588dcc9-pptln, Node 1405, FinalScore=%!f(int64=0)
I0511 11:41:55.487378       1 network_score_plugin.go:150] [Score] Pod emailservice-655588dcc9-pptln has no dependency or reverse dependency; assigning default score
I0511 11:41:55.487524       1 network_score_plugin.go:155] [Score] Pod emailservice-655588dcc9-pptln, Node 1420, FinalScore=%!f(int64=0)
I0511 11:41:55.489340       1 network_score_plugin.go:150] [Score] Pod emailservice-655588dcc9-pptln has no dependency or reverse dependency; assigning default score
I0511 11:41:55.493507       1 network_score_plugin.go:155] [Score] Pod emailservice-655588dcc9-pptln, Node 1408, FinalScore=%!f(int64=0)
I0511 11:41:55.493604       1 network_score_plugin.go:150] [Score] Pod emailservice-655588dcc9-pptln has no dependency or reverse dependency; assigning default score
I0511 11:41:55.494277       1 network_score_plugin.go:155] [Score] Pod emailservice-655588dcc9-pptln, Node 1418, FinalScore=%!f(int64=0)
I0511 11:41:55.500030       1 network_score_plugin.go:150] [Score] Pod emailservice-655588dcc9-pptln has no dependency or reverse dependency; assigning default score
I0511 11:41:55.501133       1 network_score_plugin.go:155] [Score] Pod emailservice-655588dcc9-pptln, Node 1404, FinalScore=%!f(int64=0)
I0511 11:41:55.511376       1 network_score_plugin.go:150] [Score] Pod emailservice-655588dcc9-pptln has no dependency or reverse dependency; assigning default score
I0511 11:41:55.511437       1 network_score_plugin.go:155] [Score] Pod emailservice-655588dcc9-pptln, Node 1414, FinalScore=%!f(int64=0)
I0511 11:41:55.527435       1 network_score_plugin.go:150] [Score] Pod emailservice-655588dcc9-pptln has no dependency or reverse dependency; assigning default score
I0511 11:41:55.534209       1 network_score_plugin.go:155] [Score] Pod emailservice-655588dcc9-pptln, Node 1410, FinalScore=%!f(int64=0)
I0511 11:41:55.528442       1 network_score_plugin.go:150] [Score] Pod emailservice-655588dcc9-pptln has no dependency or reverse dependency; assigning default score
I0511 11:41:55.535617       1 network_score_plugin.go:155] [Score] Pod emailservice-655588dcc9-pptln, Node 1416, FinalScore=%!f(int64=0)
I0511 11:41:55.535648       1 network_score_plugin.go:150] [Score] Pod emailservice-655588dcc9-pptln has no dependency or reverse dependency; assigning default score
I0511 11:41:55.536468       1 network_score_plugin.go:155] [Score] Pod emailservice-655588dcc9-pptln, Node 1412, FinalScore=%!f(int64=0)
I0511 11:41:55.531393       1 network_score_plugin.go:150] [Score] Pod emailservice-655588dcc9-pptln has no dependency or reverse dependency; assigning default score
I0511 11:41:55.536485       1 network_score_plugin.go:155] [Score] Pod emailservice-655588dcc9-pptln, Node 1406, FinalScore=%!f(int64=0)
I0511 11:41:55.690787       1 network_score_plugin.go:155] [Score] Pod checkoutservice-5945c78657-lj6jv, Node 1418, FinalScore=%!f(int64=42)
I0511 11:41:55.707808       1 network_score_plugin.go:155] [Score] Pod checkoutservice-5945c78657-lj6jv, Node 1414, FinalScore=%!f(int64=68)
I0511 11:41:55.730610       1 network_score_plugin.go:155] [Score] Pod checkoutservice-5945c78657-lj6jv, Node 1412, FinalScore=%!f(int64=68)
I0511 11:41:55.712803       1 network_score_plugin.go:155] [Score] Pod checkoutservice-5945c78657-lj6jv, Node 1408, FinalScore=%!f(int64=99)
I0511 11:41:55.713592       1 network_score_plugin.go:155] [Score] Pod checkoutservice-5945c78657-lj6jv, Node 1410, FinalScore=%!f(int64=99)
I0511 11:41:55.716467       1 network_score_plugin.go:155] [Score] Pod checkoutservice-5945c78657-lj6jv, Node 1416, FinalScore=%!f(int64=67)
I0511 11:41:55.724792       1 network_score_plugin.go:155] [Score] Pod checkoutservice-5945c78657-lj6jv, Node 1402, FinalScore=%!f(int64=86)
I0511 11:41:55.725509       1 network_score_plugin.go:155] [Score] Pod checkoutservice-5945c78657-lj6jv, Node 1420, FinalScore=%!f(int64=44)
I0511 11:41:55.730381       1 network_score_plugin.go:155] [Score] Pod checkoutservice-5945c78657-lj6jv, Node 1404, FinalScore=%!f(int64=87)
I0511 11:41:55.735763       1 network_score_plugin.go:155] [Score] Pod checkoutservice-5945c78657-lj6jv, Node 1406, FinalScore=%!f(int64=78)
I0511 11:41:55.741984       1 network_score_plugin.go:155] [Score] Pod checkoutservice-5945c78657-lj6jv, Node 1419, FinalScore=%!f(int64=41)
I0511 11:41:55.752735       1 network_score_plugin.go:155] [Score] Pod checkoutservice-5945c78657-lj6jv, Node 1413, FinalScore=%!f(int64=56)
I0511 11:41:55.762355       1 network_score_plugin.go:155] [Score] Pod checkoutservice-5945c78657-lj6jv, Node 1405, FinalScore=%!f(int64=87)
I0511 11:41:55.766146       1 network_score_plugin.go:155] [Score] Pod checkoutservice-5945c78657-lj6jv, Node 1411, FinalScore=%!f(int64=99)
I0511 11:41:55.767862       1 network_score_plugin.go:155] [Score] Pod checkoutservice-5945c78657-lj6jv, Node 1403, FinalScore=%!f(int64=77)
I0511 11:41:55.768335       1 network_score_plugin.go:155] [Score] Pod checkoutservice-5945c78657-lj6jv, Node 1415, FinalScore=%!f(int64=66)
I0511 11:41:55.769606       1 network_score_plugin.go:155] [Score] Pod checkoutservice-5945c78657-lj6jv, Node 1409, FinalScore=%!f(int64=80)
I0511 11:41:55.770600       1 network_score_plugin.go:155] [Score] Pod checkoutservice-5945c78657-lj6jv, Node 1407, FinalScore=%!f(int64=99)
I0511 11:41:55.774278       1 network_score_plugin.go:155] [Score] Pod checkoutservice-5945c78657-lj6jv, Node 1417, FinalScore=%!f(int64=31)
I0511 11:41:55.940901       1 network_score_plugin.go:150] [Score] Pod recommendationservice-6bf9d96bd7-4njd8 has no dependency or reverse dependency; assigning default score
I0511 11:41:55.941857       1 network_score_plugin.go:155] [Score] Pod recommendationservice-6bf9d96bd7-4njd8, Node 1412, FinalScore=%!f(int64=0)
I0511 11:41:55.951413       1 network_score_plugin.go:150] [Score] Pod recommendationservice-6bf9d96bd7-4njd8 has no dependency or reverse dependency; assigning default score
I0511 11:41:55.953975       1 network_score_plugin.go:155] [Score] Pod recommendationservice-6bf9d96bd7-4njd8, Node 1404, FinalScore=%!f(int64=0)
I0511 11:41:55.956827       1 network_score_plugin.go:150] [Score] Pod recommendationservice-6bf9d96bd7-4njd8 has no dependency or reverse dependency; assigning default score
I0511 11:41:55.957475       1 network_score_plugin.go:155] [Score] Pod recommendationservice-6bf9d96bd7-4njd8, Node 1410, FinalScore=%!f(int64=0)
I0511 11:41:55.965978       1 network_score_plugin.go:150] [Score] Pod recommendationservice-6bf9d96bd7-4njd8 has no dependency or reverse dependency; assigning default score
I0511 11:41:55.966987       1 network_score_plugin.go:155] [Score] Pod recommendationservice-6bf9d96bd7-4njd8, Node 1402, FinalScore=%!f(int64=0)
I0511 11:41:55.974135       1 network_score_plugin.go:150] [Score] Pod recommendationservice-6bf9d96bd7-4njd8 has no dependency or reverse dependency; assigning default score
I0511 11:41:55.975790       1 network_score_plugin.go:155] [Score] Pod recommendationservice-6bf9d96bd7-4njd8, Node 1408, FinalScore=%!f(int64=0)
I0511 11:41:55.979171       1 network_score_plugin.go:150] [Score] Pod recommendationservice-6bf9d96bd7-4njd8 has no dependency or reverse dependency; assigning default score
I0511 11:41:55.979824       1 network_score_plugin.go:155] [Score] Pod recommendationservice-6bf9d96bd7-4njd8, Node 1414, FinalScore=%!f(int64=0)
I0511 11:41:55.975149       1 network_score_plugin.go:150] [Score] Pod recommendationservice-6bf9d96bd7-4njd8 has no dependency or reverse dependency; assigning default score
I0511 11:41:55.984792       1 network_score_plugin.go:155] [Score] Pod recommendationservice-6bf9d96bd7-4njd8, Node 1416, FinalScore=%!f(int64=0)
I0511 11:41:55.991252       1 network_score_plugin.go:150] [Score] Pod recommendationservice-6bf9d96bd7-4njd8 has no dependency or reverse dependency; assigning default score
I0511 11:41:55.992014       1 network_score_plugin.go:155] [Score] Pod recommendationservice-6bf9d96bd7-4njd8, Node 1413, FinalScore=%!f(int64=0)
I0511 11:41:55.993882       1 network_score_plugin.go:150] [Score] Pod recommendationservice-6bf9d96bd7-4njd8 has no dependency or reverse dependency; assigning default score
I0511 11:41:55.996820       1 network_score_plugin.go:155] [Score] Pod recommendationservice-6bf9d96bd7-4njd8, Node 1420, FinalScore=%!f(int64=0)
I0511 11:41:56.001303       1 network_score_plugin.go:150] [Score] Pod recommendationservice-6bf9d96bd7-4njd8 has no dependency or reverse dependency; assigning default score
I0511 11:41:55.995771       1 network_score_plugin.go:150] [Score] Pod recommendationservice-6bf9d96bd7-4njd8 has no dependency or reverse dependency; assigning default score
I0511 11:41:56.006079       1 network_score_plugin.go:155] [Score] Pod recommendationservice-6bf9d96bd7-4njd8, Node 1418, FinalScore=%!f(int64=0)
I0511 11:41:56.008021       1 network_score_plugin.go:155] [Score] Pod recommendationservice-6bf9d96bd7-4njd8, Node 1406, FinalScore=%!f(int64=0)
I0511 11:41:56.012662       1 network_score_plugin.go:150] [Score] Pod recommendationservice-6bf9d96bd7-4njd8 has no dependency or reverse dependency; assigning default score
I0511 11:41:56.013858       1 network_score_plugin.go:155] [Score] Pod recommendationservice-6bf9d96bd7-4njd8, Node 1405, FinalScore=%!f(int64=0)
I0511 11:41:56.034229       1 network_score_plugin.go:150] [Score] Pod recommendationservice-6bf9d96bd7-4njd8 has no dependency or reverse dependency; assigning default score
I0511 11:41:56.051529       1 network_score_plugin.go:155] [Score] Pod recommendationservice-6bf9d96bd7-4njd8, Node 1411, FinalScore=%!f(int64=0)
I0511 11:41:56.041145       1 network_score_plugin.go:150] [Score] Pod recommendationservice-6bf9d96bd7-4njd8 has no dependency or reverse dependency; assigning default score
I0511 11:41:56.053699       1 network_score_plugin.go:155] [Score] Pod recommendationservice-6bf9d96bd7-4njd8, Node 1403, FinalScore=%!f(int64=0)
I0511 11:41:56.045707       1 network_score_plugin.go:150] [Score] Pod recommendationservice-6bf9d96bd7-4njd8 has no dependency or reverse dependency; assigning default score
I0511 11:41:56.056060       1 network_score_plugin.go:155] [Score] Pod recommendationservice-6bf9d96bd7-4njd8, Node 1415, FinalScore=%!f(int64=0)
I0511 11:41:56.046804       1 network_score_plugin.go:150] [Score] Pod recommendationservice-6bf9d96bd7-4njd8 has no dependency or reverse dependency; assigning default score
I0511 11:41:56.057366       1 network_score_plugin.go:155] [Score] Pod recommendationservice-6bf9d96bd7-4njd8, Node 1417, FinalScore=%!f(int64=0)
I0511 11:41:56.047861       1 network_score_plugin.go:150] [Score] Pod recommendationservice-6bf9d96bd7-4njd8 has no dependency or reverse dependency; assigning default score
I0511 11:41:56.058052       1 network_score_plugin.go:155] [Score] Pod recommendationservice-6bf9d96bd7-4njd8, Node 1409, FinalScore=%!f(int64=0)
I0511 11:41:56.049450       1 network_score_plugin.go:150] [Score] Pod recommendationservice-6bf9d96bd7-4njd8 has no dependency or reverse dependency; assigning default score
I0511 11:41:56.058168       1 network_score_plugin.go:155] [Score] Pod recommendationservice-6bf9d96bd7-4njd8, Node 1419, FinalScore=%!f(int64=0)
I0511 11:41:56.058324       1 network_score_plugin.go:150] [Score] Pod recommendationservice-6bf9d96bd7-4njd8 has no dependency or reverse dependency; assigning default score
I0511 11:41:56.058370       1 network_score_plugin.go:155] [Score] Pod recommendationservice-6bf9d96bd7-4njd8, Node 1407, FinalScore=%!f(int64=0)
I0511 11:41:56.274385       1 network_score_plugin.go:155] [Score] Pod frontend-69695d9858-6pv7f, Node 1404, FinalScore=%!f(int64=93)
I0511 11:41:56.282198       1 network_score_plugin.go:155] [Score] Pod frontend-69695d9858-6pv7f, Node 1418, FinalScore=%!f(int64=24)
I0511 11:41:56.285437       1 network_score_plugin.go:155] [Score] Pod frontend-69695d9858-6pv7f, Node 1410, FinalScore=%!f(int64=83)
I0511 11:41:56.290341       1 network_score_plugin.go:155] [Score] Pod frontend-69695d9858-6pv7f, Node 1414, FinalScore=%!f(int64=71)
I0511 11:41:56.296754       1 network_score_plugin.go:155] [Score] Pod frontend-69695d9858-6pv7f, Node 1408, FinalScore=%!f(int64=92)
I0511 11:41:56.302279       1 network_score_plugin.go:155] [Score] Pod frontend-69695d9858-6pv7f, Node 1412, FinalScore=%!f(int64=69)
I0511 11:41:56.299111       1 network_score_plugin.go:155] [Score] Pod frontend-69695d9858-6pv7f, Node 1405, FinalScore=%!f(int64=83)
I0511 11:41:56.305399       1 network_score_plugin.go:155] [Score] Pod frontend-69695d9858-6pv7f, Node 1420, FinalScore=%!f(int64=25)
I0511 11:41:56.307634       1 network_score_plugin.go:155] [Score] Pod frontend-69695d9858-6pv7f, Node 1416, FinalScore=%!f(int64=66)
I0511 11:41:56.308571       1 network_score_plugin.go:155] [Score] Pod frontend-69695d9858-6pv7f, Node 1406, FinalScore=%!f(int64=93)
I0511 11:41:56.309774       1 network_score_plugin.go:155] [Score] Pod frontend-69695d9858-6pv7f, Node 1402, FinalScore=%!f(int64=92)
I0511 11:41:56.312398       1 network_score_plugin.go:155] [Score] Pod frontend-69695d9858-6pv7f, Node 1419, FinalScore=%!f(int64=24)
I0511 11:41:56.315258       1 network_score_plugin.go:155] [Score] Pod frontend-69695d9858-6pv7f, Node 1411, FinalScore=%!f(int64=91)
I0511 11:41:56.326885       1 network_score_plugin.go:155] [Score] Pod frontend-69695d9858-6pv7f, Node 1415, FinalScore=%!f(int64=68)
I0511 11:41:56.331454       1 network_score_plugin.go:155] [Score] Pod frontend-69695d9858-6pv7f, Node 1409, FinalScore=%!f(int64=92)
I0511 11:41:56.347005       1 network_score_plugin.go:155] [Score] Pod frontend-69695d9858-6pv7f, Node 1403, FinalScore=%!f(int64=92)
I0511 11:41:56.352126       1 network_score_plugin.go:155] [Score] Pod frontend-69695d9858-6pv7f, Node 1407, FinalScore=%!f(int64=91)
I0511 11:41:56.354199       1 network_score_plugin.go:155] [Score] Pod frontend-69695d9858-6pv7f, Node 1417, FinalScore=%!f(int64=24)
I0511 11:41:56.355748       1 network_score_plugin.go:155] [Score] Pod frontend-69695d9858-6pv7f, Node 1413, FinalScore=%!f(int64=68)
I0511 11:41:56.606903       1 network_score_plugin.go:155] [Score] Pod paymentservice-599987dcd7-q7hn9, Node 1410, FinalScore=%!f(int64=80)
I0511 11:41:56.616118       1 network_score_plugin.go:155] [Score] Pod paymentservice-599987dcd7-q7hn9, Node 1416, FinalScore=%!f(int64=69)
I0511 11:41:56.636754       1 network_score_plugin.go:155] [Score] Pod paymentservice-599987dcd7-q7hn9, Node 1408, FinalScore=%!f(int64=98)
I0511 11:41:56.643197       1 network_score_plugin.go:155] [Score] Pod paymentservice-599987dcd7-q7hn9, Node 1417, FinalScore=%!f(int64=44)
I0511 11:41:56.644693       1 network_score_plugin.go:155] [Score] Pod paymentservice-599987dcd7-q7hn9, Node 1420, FinalScore=%!f(int64=42)
I0511 11:41:56.646534       1 network_score_plugin.go:155] [Score] Pod paymentservice-599987dcd7-q7hn9, Node 1414, FinalScore=%!f(int64=66)
I0511 11:41:56.655013       1 network_score_plugin.go:155] [Score] Pod paymentservice-599987dcd7-q7hn9, Node 1406, FinalScore=%!f(int64=88)
I0511 11:41:56.647384       1 network_score_plugin.go:155] [Score] Pod paymentservice-599987dcd7-q7hn9, Node 1412, FinalScore=%!f(int64=67)
I0511 11:41:56.648374       1 network_score_plugin.go:155] [Score] Pod paymentservice-599987dcd7-q7hn9, Node 1411, FinalScore=%!f(int64=99)
I0511 11:41:56.649849       1 network_score_plugin.go:155] [Score] Pod paymentservice-599987dcd7-q7hn9, Node 1402, FinalScore=%!f(int64=84)
I0511 11:41:56.667597       1 network_score_plugin.go:155] [Score] Pod paymentservice-599987dcd7-q7hn9, Node 1418, FinalScore=%!f(int64=44)
I0511 11:41:56.674754       1 network_score_plugin.go:155] [Score] Pod paymentservice-599987dcd7-q7hn9, Node 1404, FinalScore=%!f(int64=87)
I0511 11:41:56.679842       1 network_score_plugin.go:155] [Score] Pod paymentservice-599987dcd7-q7hn9, Node 1409, FinalScore=%!f(int64=99)
I0511 11:41:56.683317       1 network_score_plugin.go:155] [Score] Pod paymentservice-599987dcd7-q7hn9, Node 1413, FinalScore=%!f(int64=67)
I0511 11:41:56.691273       1 network_score_plugin.go:155] [Score] Pod paymentservice-599987dcd7-q7hn9, Node 1403, FinalScore=%!f(int64=78)
I0511 11:41:56.691604       1 network_score_plugin.go:155] [Score] Pod paymentservice-599987dcd7-q7hn9, Node 1415, FinalScore=%!f(int64=66)
I0511 11:41:56.697925       1 network_score_plugin.go:155] [Score] Pod paymentservice-599987dcd7-q7hn9, Node 1407, FinalScore=%!f(int64=99)
I0511 11:41:56.701009       1 network_score_plugin.go:155] [Score] Pod paymentservice-599987dcd7-q7hn9, Node 1419, FinalScore=%!f(int64=34)
I0511 11:41:56.704950       1 network_score_plugin.go:155] [Score] Pod paymentservice-599987dcd7-q7hn9, Node 1405, FinalScore=%!f(int64=87)
I0511 11:41:56.933475       1 network_score_plugin.go:155] [Score] Pod productcatalogservice-58bc88795-dkwwl, Node 1412, FinalScore=%!f(int64=74)
I0511 11:41:56.935940       1 network_score_plugin.go:155] [Score] Pod productcatalogservice-58bc88795-dkwwl, Node 1414, FinalScore=%!f(int64=74)
I0511 11:41:56.939478       1 network_score_plugin.go:155] [Score] Pod productcatalogservice-58bc88795-dkwwl, Node 1418, FinalScore=%!f(int64=27)
I0511 11:41:56.941443       1 network_score_plugin.go:155] [Score] Pod productcatalogservice-58bc88795-dkwwl, Node 1408, FinalScore=%!f(int64=93)
I0511 11:41:56.947265       1 network_score_plugin.go:155] [Score] Pod productcatalogservice-58bc88795-dkwwl, Node 1416, FinalScore=%!f(int64=75)
I0511 11:41:56.949317       1 network_score_plugin.go:155] [Score] Pod productcatalogservice-58bc88795-dkwwl, Node 1404, FinalScore=%!f(int64=96)
I0511 11:41:56.960149       1 network_score_plugin.go:155] [Score] Pod productcatalogservice-58bc88795-dkwwl, Node 1413, FinalScore=%!f(int64=74)
I0511 11:41:56.961628       1 network_score_plugin.go:155] [Score] Pod productcatalogservice-58bc88795-dkwwl, Node 1415, FinalScore=%!f(int64=74)
I0511 11:41:56.962989       1 network_score_plugin.go:155] [Score] Pod productcatalogservice-58bc88795-dkwwl, Node 1406, FinalScore=%!f(int64=89)
I0511 11:41:56.964253       1 network_score_plugin.go:155] [Score] Pod productcatalogservice-58bc88795-dkwwl, Node 1420, FinalScore=%!f(int64=27)
I0511 11:41:56.967868       1 network_score_plugin.go:155] [Score] Pod productcatalogservice-58bc88795-dkwwl, Node 1409, FinalScore=%!f(int64=91)
I0511 11:41:56.969167       1 network_score_plugin.go:155] [Score] Pod productcatalogservice-58bc88795-dkwwl, Node 1419, FinalScore=%!f(int64=25)
I0511 11:41:56.971605       1 network_score_plugin.go:155] [Score] Pod productcatalogservice-58bc88795-dkwwl, Node 1402, FinalScore=%!f(int64=95)
I0511 11:41:56.975480       1 network_score_plugin.go:155] [Score] Pod productcatalogservice-58bc88795-dkwwl, Node 1407, FinalScore=%!f(int64=91)
I0511 11:41:56.976784       1 network_score_plugin.go:155] [Score] Pod productcatalogservice-58bc88795-dkwwl, Node 1417, FinalScore=%!f(int64=27)
I0511 11:41:56.980976       1 network_score_plugin.go:155] [Score] Pod productcatalogservice-58bc88795-dkwwl, Node 1410, FinalScore=%!f(int64=86)
I0511 11:41:56.983768       1 network_score_plugin.go:155] [Score] Pod productcatalogservice-58bc88795-dkwwl, Node 1403, FinalScore=%!f(int64=95)
I0511 11:41:56.985697       1 network_score_plugin.go:155] [Score] Pod productcatalogservice-58bc88795-dkwwl, Node 1405, FinalScore=%!f(int64=90)
I0511 11:41:56.995903       1 network_score_plugin.go:155] [Score] Pod productcatalogservice-58bc88795-dkwwl, Node 1411, FinalScore=%!f(int64=92)
I0511 11:41:57.194291       1 network_score_plugin.go:155] [Score] Pod cartservice-549bb8ffcd-8rqdm, Node 1410, FinalScore=%!f(int64=81)
I0511 11:41:57.205891       1 network_score_plugin.go:155] [Score] Pod cartservice-549bb8ffcd-8rqdm, Node 1416, FinalScore=%!f(int64=67)
I0511 11:41:57.208105       1 network_score_plugin.go:155] [Score] Pod cartservice-549bb8ffcd-8rqdm, Node 1408, FinalScore=%!f(int64=86)
I0511 11:41:57.214625       1 network_score_plugin.go:155] [Score] Pod cartservice-549bb8ffcd-8rqdm, Node 1412, FinalScore=%!f(int64=66)
I0511 11:41:57.229378       1 network_score_plugin.go:155] [Score] Pod cartservice-549bb8ffcd-8rqdm, Node 1418, FinalScore=%!f(int64=28)
I0511 11:41:57.231648       1 network_score_plugin.go:155] [Score] Pod cartservice-549bb8ffcd-8rqdm, Node 1404, FinalScore=%!f(int64=89)
I0511 11:41:57.276278       1 network_score_plugin.go:155] [Score] Pod cartservice-549bb8ffcd-8rqdm, Node 1402, FinalScore=%!f(int64=88)
I0511 11:41:57.254784       1 network_score_plugin.go:155] [Score] Pod cartservice-549bb8ffcd-8rqdm, Node 1406, FinalScore=%!f(int64=79)
I0511 11:41:57.264309       1 network_score_plugin.go:155] [Score] Pod cartservice-549bb8ffcd-8rqdm, Node 1420, FinalScore=%!f(int64=29)
I0511 11:41:57.304877       1 network_score_plugin.go:155] [Score] Pod cartservice-549bb8ffcd-8rqdm, Node 1409, FinalScore=%!f(int64=84)
I0511 11:41:57.309339       1 network_score_plugin.go:155] [Score] Pod cartservice-549bb8ffcd-8rqdm, Node 1417, FinalScore=%!f(int64=30)
I0511 11:41:57.338939       1 network_score_plugin.go:155] [Score] Pod cartservice-549bb8ffcd-8rqdm, Node 1414, FinalScore=%!f(int64=66)
I0511 11:41:57.372317       1 network_score_plugin.go:155] [Score] Pod cartservice-549bb8ffcd-8rqdm, Node 1405, FinalScore=%!f(int64=89)
I0511 11:41:57.382390       1 network_score_plugin.go:155] [Score] Pod cartservice-549bb8ffcd-8rqdm, Node 1419, FinalScore=%!f(int64=28)
I0511 11:41:57.386013       1 network_score_plugin.go:155] [Score] Pod cartservice-549bb8ffcd-8rqdm, Node 1413, FinalScore=%!f(int64=65)
I0511 11:41:57.406682       1 network_score_plugin.go:155] [Score] Pod cartservice-549bb8ffcd-8rqdm, Node 1411, FinalScore=%!f(int64=85)
I0511 11:41:57.426866       1 network_score_plugin.go:155] [Score] Pod cartservice-549bb8ffcd-8rqdm, Node 1403, FinalScore=%!f(int64=86)
I0511 11:41:57.428733       1 network_score_plugin.go:155] [Score] Pod cartservice-549bb8ffcd-8rqdm, Node 1415, FinalScore=%!f(int64=66)
I0511 11:41:57.435974       1 network_score_plugin.go:155] [Score] Pod cartservice-549bb8ffcd-8rqdm, Node 1407, FinalScore=%!f(int64=84)
I0511 11:41:57.574364       1 network_score_plugin.go:155] [Score] Pod redis-cart-77bfdd98f8-ztkkc, Node 1410, FinalScore=%!f(int64=83)
I0511 11:41:57.578365       1 network_score_plugin.go:155] [Score] Pod redis-cart-77bfdd98f8-ztkkc, Node 1412, FinalScore=%!f(int64=76)
I0511 11:41:57.588371       1 network_score_plugin.go:155] [Score] Pod redis-cart-77bfdd98f8-ztkkc, Node 1402, FinalScore=%!f(int64=100)
I0511 11:41:57.596205       1 network_score_plugin.go:155] [Score] Pod redis-cart-77bfdd98f8-ztkkc, Node 1406, FinalScore=%!f(int64=99)
I0511 11:41:57.600898       1 network_score_plugin.go:155] [Score] Pod redis-cart-77bfdd98f8-ztkkc, Node 1414, FinalScore=%!f(int64=72)
I0511 11:41:57.605383       1 network_score_plugin.go:155] [Score] Pod redis-cart-77bfdd98f8-ztkkc, Node 1408, FinalScore=%!f(int64=84)
I0511 11:41:57.610276       1 network_score_plugin.go:155] [Score] Pod redis-cart-77bfdd98f8-ztkkc, Node 1418, FinalScore=%!f(int64=28)
I0511 11:41:57.613416       1 network_score_plugin.go:155] [Score] Pod redis-cart-77bfdd98f8-ztkkc, Node 1404, FinalScore=%!f(int64=99)
I0511 11:41:57.628651       1 network_score_plugin.go:155] [Score] Pod redis-cart-77bfdd98f8-ztkkc, Node 1416, FinalScore=%!f(int64=76)
I0511 11:41:57.607452       1 network_score_plugin.go:155] [Score] Pod redis-cart-77bfdd98f8-ztkkc, Node 1411, FinalScore=%!f(int64=84)
I0511 11:41:57.612275       1 network_score_plugin.go:155] [Score] Pod redis-cart-77bfdd98f8-ztkkc, Node 1420, FinalScore=%!f(int64=29)
I0511 11:41:57.647189       1 network_score_plugin.go:155] [Score] Pod redis-cart-77bfdd98f8-ztkkc, Node 1413, FinalScore=%!f(int64=75)
I0511 11:41:57.649330       1 network_score_plugin.go:155] [Score] Pod redis-cart-77bfdd98f8-ztkkc, Node 1407, FinalScore=%!f(int64=83)
I0511 11:41:57.650474       1 network_score_plugin.go:155] [Score] Pod redis-cart-77bfdd98f8-ztkkc, Node 1415, FinalScore=%!f(int64=73)
I0511 11:41:57.653349       1 network_score_plugin.go:155] [Score] Pod redis-cart-77bfdd98f8-ztkkc, Node 1403, FinalScore=%!f(int64=100)
I0511 11:41:57.669438       1 network_score_plugin.go:155] [Score] Pod redis-cart-77bfdd98f8-ztkkc, Node 1409, FinalScore=%!f(int64=82)
I0511 11:41:57.676238       1 network_score_plugin.go:155] [Score] Pod redis-cart-77bfdd98f8-ztkkc, Node 1419, FinalScore=%!f(int64=23)
I0511 11:41:57.683211       1 network_score_plugin.go:155] [Score] Pod redis-cart-77bfdd98f8-ztkkc, Node 1405, FinalScore=%!f(int64=80)
I0511 11:41:57.686703       1 network_score_plugin.go:155] [Score] Pod redis-cart-77bfdd98f8-ztkkc, Node 1417, FinalScore=%!f(int64=28)
I0511 11:41:57.871586       1 network_score_plugin.go:155] [Score] Pod currencyservice-dcb697dd5-qthdf, Node 1412, FinalScore=%!f(int64=66)
I0511 11:41:57.874086       1 network_score_plugin.go:155] [Score] Pod currencyservice-dcb697dd5-qthdf, Node 1406, FinalScore=%!f(int64=79)
I0511 11:41:57.882655       1 network_score_plugin.go:155] [Score] Pod currencyservice-dcb697dd5-qthdf, Node 1418, FinalScore=%!f(int64=32)
I0511 11:41:57.895095       1 network_score_plugin.go:155] [Score] Pod currencyservice-dcb697dd5-qthdf, Node 1410, FinalScore=%!f(int64=82)
I0511 11:41:57.898951       1 network_score_plugin.go:155] [Score] Pod currencyservice-dcb697dd5-qthdf, Node 1408, FinalScore=%!f(int64=86)
I0511 11:41:57.904986       1 network_score_plugin.go:155] [Score] Pod currencyservice-dcb697dd5-qthdf, Node 1402, FinalScore=%!f(int64=88)
I0511 11:41:57.910000       1 network_score_plugin.go:155] [Score] Pod currencyservice-dcb697dd5-qthdf, Node 1420, FinalScore=%!f(int64=34)
I0511 11:41:57.926563       1 network_score_plugin.go:155] [Score] Pod currencyservice-dcb697dd5-qthdf, Node 1413, FinalScore=%!f(int64=65)
I0511 11:41:57.930884       1 network_score_plugin.go:155] [Score] Pod currencyservice-dcb697dd5-qthdf, Node 1404, FinalScore=%!f(int64=89)
I0511 11:41:57.937026       1 network_score_plugin.go:155] [Score] Pod currencyservice-dcb697dd5-qthdf, Node 1416, FinalScore=%!f(int64=68)
I0511 11:41:57.939727       1 network_score_plugin.go:155] [Score] Pod currencyservice-dcb697dd5-qthdf, Node 1414, FinalScore=%!f(int64=67)
I0511 11:41:57.947081       1 network_score_plugin.go:155] [Score] Pod currencyservice-dcb697dd5-qthdf, Node 1407, FinalScore=%!f(int64=83)
I0511 11:41:57.956417       1 network_score_plugin.go:155] [Score] Pod currencyservice-dcb697dd5-qthdf, Node 1403, FinalScore=%!f(int64=86)
I0511 11:41:57.960657       1 network_score_plugin.go:155] [Score] Pod currencyservice-dcb697dd5-qthdf, Node 1411, FinalScore=%!f(int64=86)
I0511 11:41:57.961696       1 network_score_plugin.go:155] [Score] Pod currencyservice-dcb697dd5-qthdf, Node 1419, FinalScore=%!f(int64=33)
I0511 11:41:57.964932       1 network_score_plugin.go:155] [Score] Pod currencyservice-dcb697dd5-qthdf, Node 1409, FinalScore=%!f(int64=83)
I0511 11:41:57.968955       1 network_score_plugin.go:155] [Score] Pod currencyservice-dcb697dd5-qthdf, Node 1405, FinalScore=%!f(int64=89)
I0511 11:41:57.985230       1 network_score_plugin.go:155] [Score] Pod currencyservice-dcb697dd5-qthdf, Node 1417, FinalScore=%!f(int64=35)
I0511 11:41:57.989927       1 network_score_plugin.go:155] [Score] Pod currencyservice-dcb697dd5-qthdf, Node 1415, FinalScore=%!f(int64=67)
I0511 11:41:58.147146       1 network_score_plugin.go:155] [Score] Pod shippingservice-cdfb5c687-rstpp, Node 1408, FinalScore=%!f(int64=93)
I0511 11:41:58.150252       1 network_score_plugin.go:155] [Score] Pod shippingservice-cdfb5c687-rstpp, Node 1402, FinalScore=%!f(int64=92)
I0511 11:41:58.153718       1 network_score_plugin.go:155] [Score] Pod shippingservice-cdfb5c687-rstpp, Node 1406, FinalScore=%!f(int64=84)
I0511 11:41:58.158891       1 network_score_plugin.go:155] [Score] Pod shippingservice-cdfb5c687-rstpp, Node 1410, FinalScore=%!f(int64=84)
I0511 11:41:58.160562       1 network_score_plugin.go:155] [Score] Pod shippingservice-cdfb5c687-rstpp, Node 1404, FinalScore=%!f(int64=93)
I0511 11:41:58.170955       1 network_score_plugin.go:155] [Score] Pod shippingservice-cdfb5c687-rstpp, Node 1418, FinalScore=%!f(int64=38)
I0511 11:41:58.172958       1 network_score_plugin.go:155] [Score] Pod shippingservice-cdfb5c687-rstpp, Node 1414, FinalScore=%!f(int64=72)
I0511 11:41:58.176987       1 network_score_plugin.go:155] [Score] Pod shippingservice-cdfb5c687-rstpp, Node 1416, FinalScore=%!f(int64=74)
I0511 11:41:58.178938       1 network_score_plugin.go:155] [Score] Pod shippingservice-cdfb5c687-rstpp, Node 1412, FinalScore=%!f(int64=72)
I0511 11:41:58.184134       1 network_score_plugin.go:155] [Score] Pod shippingservice-cdfb5c687-rstpp, Node 1420, FinalScore=%!f(int64=39)
I0511 11:41:58.201483       1 network_score_plugin.go:155] [Score] Pod shippingservice-cdfb5c687-rstpp, Node 1415, FinalScore=%!f(int64=72)
I0511 11:41:58.205814       1 network_score_plugin.go:155] [Score] Pod shippingservice-cdfb5c687-rstpp, Node 1405, FinalScore=%!f(int64=93)
I0511 11:41:58.209113       1 network_score_plugin.go:155] [Score] Pod shippingservice-cdfb5c687-rstpp, Node 1417, FinalScore=%!f(int64=40)
I0511 11:41:58.213460       1 network_score_plugin.go:155] [Score] Pod shippingservice-cdfb5c687-rstpp, Node 1413, FinalScore=%!f(int64=71)
I0511 11:41:58.225962       1 network_score_plugin.go:155] [Score] Pod shippingservice-cdfb5c687-rstpp, Node 1407, FinalScore=%!f(int64=88)
I0511 11:41:58.229747       1 network_score_plugin.go:155] [Score] Pod shippingservice-cdfb5c687-rstpp, Node 1419, FinalScore=%!f(int64=38)
I0511 11:41:58.230176       1 network_score_plugin.go:155] [Score] Pod shippingservice-cdfb5c687-rstpp, Node 1411, FinalScore=%!f(int64=92)
I0511 11:41:58.231100       1 network_score_plugin.go:155] [Score] Pod shippingservice-cdfb5c687-rstpp, Node 1403, FinalScore=%!f(int64=91)
I0511 11:41:58.231928       1 network_score_plugin.go:155] [Score] Pod shippingservice-cdfb5c687-rstpp, Node 1409, FinalScore=%!f(int64=88)
I0511 11:41:58.759914       1 network_score_plugin.go:155] [Score] Pod adservice-855f844577-4kxqf, Node 1408, FinalScore=%!f(int64=89)
I0511 11:41:58.781619       1 network_score_plugin.go:155] [Score] Pod adservice-855f844577-4kxqf, Node 1412, FinalScore=%!f(int64=81)
I0511 11:41:58.785193       1 network_score_plugin.go:155] [Score] Pod adservice-855f844577-4kxqf, Node 1402, FinalScore=%!f(int64=99)
I0511 11:41:58.812079       1 network_score_plugin.go:155] [Score] Pod adservice-855f844577-4kxqf, Node 1416, FinalScore=%!f(int64=81)
I0511 11:41:58.832323       1 network_score_plugin.go:155] [Score] Pod adservice-855f844577-4kxqf, Node 1409, FinalScore=%!f(int64=86)
I0511 11:41:58.795677       1 network_score_plugin.go:155] [Score] Pod adservice-855f844577-4kxqf, Node 1414, FinalScore=%!f(int64=82)
I0511 11:41:58.796640       1 network_score_plugin.go:155] [Score] Pod adservice-855f844577-4kxqf, Node 1404, FinalScore=%!f(int64=99)
I0511 11:41:58.798581       1 network_score_plugin.go:155] [Score] Pod adservice-855f844577-4kxqf, Node 1410, FinalScore=%!f(int64=89)
I0511 11:41:58.801700       1 network_score_plugin.go:155] [Score] Pod adservice-855f844577-4kxqf, Node 1406, FinalScore=%!f(int64=80)
I0511 11:41:58.803310       1 network_score_plugin.go:155] [Score] Pod adservice-855f844577-4kxqf, Node 1420, FinalScore=%!f(int64=27)
I0511 11:41:58.806886       1 network_score_plugin.go:155] [Score] Pod adservice-855f844577-4kxqf, Node 1418, FinalScore=%!f(int64=25)
I0511 11:41:58.854385       1 network_score_plugin.go:155] [Score] Pod adservice-855f844577-4kxqf, Node 1413, FinalScore=%!f(int64=80)
I0511 11:41:58.866969       1 network_score_plugin.go:155] [Score] Pod adservice-855f844577-4kxqf, Node 1417, FinalScore=%!f(int64=27)
I0511 11:41:58.870319       1 network_score_plugin.go:155] [Score] Pod adservice-855f844577-4kxqf, Node 1403, FinalScore=%!f(int64=100)
I0511 11:41:58.875826       1 network_score_plugin.go:155] [Score] Pod adservice-855f844577-4kxqf, Node 1407, FinalScore=%!f(int64=86)
I0511 11:41:58.877939       1 network_score_plugin.go:155] [Score] Pod adservice-855f844577-4kxqf, Node 1411, FinalScore=%!f(int64=88)
I0511 11:41:58.881841       1 network_score_plugin.go:155] [Score] Pod adservice-855f844577-4kxqf, Node 1415, FinalScore=%!f(int64=82)
I0511 11:41:58.884662       1 network_score_plugin.go:155] [Score] Pod adservice-855f844577-4kxqf, Node 1419, FinalScore=%!f(int64=28)
I0511 11:41:58.885570       1 network_score_plugin.go:155] [Score] Pod adservice-855f844577-4kxqf, Node 1405, FinalScore=%!f(int64=99)
