I0511 11:27:38.064417       1 network_score_plugin.go:150] [Score] Pod emailservice-db76c89fc-f5vv7 has no dependency or reverse dependency; assigning default score
I0511 11:27:38.064650       1 network_score_plugin.go:155] [Score] Pod emailservice-db76c89fc-f5vv7, Node 1408, FinalScore=%!f(int64=0)
I0511 11:27:38.079225       1 network_score_plugin.go:150] [Score] Pod emailservice-db76c89fc-f5vv7 has no dependency or reverse dependency; assigning default score
I0511 11:27:38.079294       1 network_score_plugin.go:155] [Score] Pod emailservice-db76c89fc-f5vv7, Node 1410, FinalScore=%!f(int64=0)
I0511 11:27:38.081303       1 network_score_plugin.go:150] [Score] Pod emailservice-db76c89fc-f5vv7 has no dependency or reverse dependency; assigning default score
I0511 11:27:38.082521       1 network_score_plugin.go:155] [Score] Pod emailservice-db76c89fc-f5vv7, Node 1414, FinalScore=%!f(int64=0)
I0511 11:27:38.085214       1 network_score_plugin.go:150] [Score] Pod emailservice-db76c89fc-f5vv7 has no dependency or reverse dependency; assigning default score
I0511 11:27:38.087348       1 network_score_plugin.go:155] [Score] Pod emailservice-db76c89fc-f5vv7, Node 1416, FinalScore=%!f(int64=0)
I0511 11:27:38.089249       1 network_score_plugin.go:150] [Score] Pod emailservice-db76c89fc-f5vv7 has no dependency or reverse dependency; assigning default score
I0511 11:27:38.090918       1 network_score_plugin.go:155] [Score] Pod emailservice-db76c89fc-f5vv7, Node 1402, FinalScore=%!f(int64=0)
I0511 11:27:38.094682       1 network_score_plugin.go:150] [Score] Pod emailservice-db76c89fc-f5vv7 has no dependency or reverse dependency; assigning default score
I0511 11:27:38.094810       1 network_score_plugin.go:155] [Score] Pod emailservice-db76c89fc-f5vv7, Node 1420, FinalScore=%!f(int64=0)
I0511 11:27:38.090697       1 network_score_plugin.go:150] [Score] Pod emailservice-db76c89fc-f5vv7 has no dependency or reverse dependency; assigning default score
I0511 11:27:38.096522       1 network_score_plugin.go:155] [Score] Pod emailservice-db76c89fc-f5vv7, Node 1412, FinalScore=%!f(int64=0)
I0511 11:27:38.081431       1 network_score_plugin.go:150] [Score] Pod emailservice-db76c89fc-f5vv7 has no dependency or reverse dependency; assigning default score
I0511 11:27:38.098791       1 network_score_plugin.go:155] [Score] Pod emailservice-db76c89fc-f5vv7, Node 1406, FinalScore=%!f(int64=0)
I0511 11:27:38.086952       1 network_score_plugin.go:150] [Score] Pod emailservice-db76c89fc-f5vv7 has no dependency or reverse dependency; assigning default score
I0511 11:27:38.101372       1 network_score_plugin.go:155] [Score] Pod emailservice-db76c89fc-f5vv7, Node 1418, FinalScore=%!f(int64=0)
I0511 11:27:38.095789       1 network_score_plugin.go:150] [Score] Pod emailservice-db76c89fc-f5vv7 has no dependency or reverse dependency; assigning default score
I0511 11:27:38.106171       1 network_score_plugin.go:155] [Score] Pod emailservice-db76c89fc-f5vv7, Node 1404, FinalScore=%!f(int64=0)
I0511 11:27:38.112331       1 network_score_plugin.go:150] [Score] Pod emailservice-db76c89fc-f5vv7 has no dependency or reverse dependency; assigning default score
I0511 11:27:38.116721       1 network_score_plugin.go:155] [Score] Pod emailservice-db76c89fc-f5vv7, Node 1409, FinalScore=%!f(int64=0)
I0511 11:27:38.119653       1 network_score_plugin.go:150] [Score] Pod emailservice-db76c89fc-f5vv7 has no dependency or reverse dependency; assigning default score
I0511 11:27:38.125740       1 network_score_plugin.go:155] [Score] Pod emailservice-db76c89fc-f5vv7, Node 1411, FinalScore=%!f(int64=0)
I0511 11:27:38.124674       1 network_score_plugin.go:150] [Score] Pod emailservice-db76c89fc-f5vv7 has no dependency or reverse dependency; assigning default score
I0511 11:27:38.127265       1 network_score_plugin.go:155] [Score] Pod emailservice-db76c89fc-f5vv7, Node 1403, FinalScore=%!f(int64=0)
I0511 11:27:38.130166       1 network_score_plugin.go:150] [Score] Pod emailservice-db76c89fc-f5vv7 has no dependency or reverse dependency; assigning default score
I0511 11:27:38.131916       1 network_score_plugin.go:155] [Score] Pod emailservice-db76c89fc-f5vv7, Node 1413, FinalScore=%!f(int64=0)
I0511 11:27:38.135284       1 network_score_plugin.go:150] [Score] Pod emailservice-db76c89fc-f5vv7 has no dependency or reverse dependency; assigning default score
I0511 11:27:38.135932       1 network_score_plugin.go:155] [Score] Pod emailservice-db76c89fc-f5vv7, Node 1417, FinalScore=%!f(int64=0)
I0511 11:27:38.138355       1 network_score_plugin.go:150] [Score] Pod emailservice-db76c89fc-f5vv7 has no dependency or reverse dependency; assigning default score
I0511 11:27:38.179432       1 network_score_plugin.go:155] [Score] Pod emailservice-db76c89fc-f5vv7, Node 1415, FinalScore=%!f(int64=0)
I0511 11:27:38.138571       1 network_score_plugin.go:150] [Score] Pod emailservice-db76c89fc-f5vv7 has no dependency or reverse dependency; assigning default score
I0511 11:27:38.179485       1 network_score_plugin.go:155] [Score] Pod emailservice-db76c89fc-f5vv7, Node 1405, FinalScore=%!f(int64=0)
I0511 11:27:38.147038       1 network_score_plugin.go:150] [Score] Pod emailservice-db76c89fc-f5vv7 has no dependency or reverse dependency; assigning default score
I0511 11:27:38.179511       1 network_score_plugin.go:155] [Score] Pod emailservice-db76c89fc-f5vv7, Node 1407, FinalScore=%!f(int64=0)
I0511 11:27:38.155557       1 network_score_plugin.go:150] [Score] Pod emailservice-db76c89fc-f5vv7 has no dependency or reverse dependency; assigning default score
I0511 11:27:38.179520       1 network_score_plugin.go:155] [Score] Pod emailservice-db76c89fc-f5vv7, Node 1419, FinalScore=%!f(int64=0)
I0511 11:27:38.279489       1 network_score_plugin.go:155] [Score] Pod checkoutservice-7444cc8c6c-v6z7p, Node 1402, FinalScore=%!f(int64=15)
I0511 11:27:38.330486       1 network_score_plugin.go:155] [Score] Pod checkoutservice-7444cc8c6c-v6z7p, Node 1408, FinalScore=%!f(int64=31)
I0511 11:27:38.335804       1 network_score_plugin.go:155] [Score] Pod checkoutservice-7444cc8c6c-v6z7p, Node 1410, FinalScore=%!f(int64=25)
I0511 11:27:38.342258       1 network_score_plugin.go:155] [Score] Pod checkoutservice-7444cc8c6c-v6z7p, Node 1412, FinalScore=%!f(int64=38)
I0511 11:27:38.343346       1 network_score_plugin.go:155] [Score] Pod checkoutservice-7444cc8c6c-v6z7p, Node 1420, FinalScore=%!f(int64=80)
I0511 11:27:38.346548       1 network_score_plugin.go:155] [Score] Pod checkoutservice-7444cc8c6c-v6z7p, Node 1404, FinalScore=%!f(int64=43)
I0511 11:27:38.347918       1 network_score_plugin.go:155] [Score] Pod checkoutservice-7444cc8c6c-v6z7p, Node 1403, FinalScore=%!f(int64=39)
I0511 11:27:38.354708       1 network_score_plugin.go:155] [Score] Pod checkoutservice-7444cc8c6c-v6z7p, Node 1416, FinalScore=%!f(int64=39)
I0511 11:27:38.368807       1 network_score_plugin.go:155] [Score] Pod checkoutservice-7444cc8c6c-v6z7p, Node 1413, FinalScore=%!f(int64=39)
I0511 11:27:38.356063       1 network_score_plugin.go:155] [Score] Pod checkoutservice-7444cc8c6c-v6z7p, Node 1418, FinalScore=%!f(int64=81)
I0511 11:27:38.356669       1 network_score_plugin.go:155] [Score] Pod checkoutservice-7444cc8c6c-v6z7p, Node 1414, FinalScore=%!f(int64=42)
I0511 11:27:38.357568       1 network_score_plugin.go:155] [Score] Pod checkoutservice-7444cc8c6c-v6z7p, Node 1406, FinalScore=%!f(int64=39)
I0511 11:27:38.359339       1 network_score_plugin.go:155] [Score] Pod checkoutservice-7444cc8c6c-v6z7p, Node 1411, FinalScore=%!f(int64=38)
I0511 11:27:38.362887       1 network_score_plugin.go:155] [Score] Pod checkoutservice-7444cc8c6c-v6z7p, Node 1409, FinalScore=%!f(int64=43)
I0511 11:27:38.378288       1 network_score_plugin.go:155] [Score] Pod checkoutservice-7444cc8c6c-v6z7p, Node 1405, FinalScore=%!f(int64=40)
I0511 11:27:38.385487       1 network_score_plugin.go:155] [Score] Pod checkoutservice-7444cc8c6c-v6z7p, Node 1407, FinalScore=%!f(int64=40)
I0511 11:27:38.387342       1 network_score_plugin.go:155] [Score] Pod checkoutservice-7444cc8c6c-v6z7p, Node 1419, FinalScore=%!f(int64=80)
I0511 11:27:38.389509       1 network_score_plugin.go:155] [Score] Pod checkoutservice-7444cc8c6c-v6z7p, Node 1417, FinalScore=%!f(int64=72)
I0511 11:27:38.389909       1 network_score_plugin.go:155] [Score] Pod checkoutservice-7444cc8c6c-v6z7p, Node 1415, FinalScore=%!f(int64=27)
I0511 11:27:38.550540       1 network_score_plugin.go:150] [Score] Pod recommendationservice-f66996645-tcz8s has no dependency or reverse dependency; assigning default score
I0511 11:27:38.550567       1 network_score_plugin.go:155] [Score] Pod recommendationservice-f66996645-tcz8s, Node 1406, FinalScore=%!f(int64=0)
I0511 11:27:38.569460       1 network_score_plugin.go:150] [Score] Pod recommendationservice-f66996645-tcz8s has no dependency or reverse dependency; assigning default score
I0511 11:27:38.569524       1 network_score_plugin.go:155] [Score] Pod recommendationservice-f66996645-tcz8s, Node 1420, FinalScore=%!f(int64=0)
I0511 11:27:38.569561       1 network_score_plugin.go:150] [Score] Pod recommendationservice-f66996645-tcz8s has no dependency or reverse dependency; assigning default score
I0511 11:27:38.569575       1 network_score_plugin.go:155] [Score] Pod recommendationservice-f66996645-tcz8s, Node 1410, FinalScore=%!f(int64=0)
I0511 11:27:38.571868       1 network_score_plugin.go:150] [Score] Pod recommendationservice-f66996645-tcz8s has no dependency or reverse dependency; assigning default score
I0511 11:27:38.571889       1 network_score_plugin.go:155] [Score] Pod recommendationservice-f66996645-tcz8s, Node 1404, FinalScore=%!f(int64=0)
I0511 11:27:38.580575       1 network_score_plugin.go:150] [Score] Pod recommendationservice-f66996645-tcz8s has no dependency or reverse dependency; assigning default score
I0511 11:27:38.580602       1 network_score_plugin.go:155] [Score] Pod recommendationservice-f66996645-tcz8s, Node 1408, FinalScore=%!f(int64=0)
I0511 11:27:38.583585       1 network_score_plugin.go:150] [Score] Pod recommendationservice-f66996645-tcz8s has no dependency or reverse dependency; assigning default score
I0511 11:27:38.583607       1 network_score_plugin.go:155] [Score] Pod recommendationservice-f66996645-tcz8s, Node 1412, FinalScore=%!f(int64=0)
I0511 11:27:38.591033       1 network_score_plugin.go:150] [Score] Pod recommendationservice-f66996645-tcz8s has no dependency or reverse dependency; assigning default score
I0511 11:27:38.591051       1 network_score_plugin.go:155] [Score] Pod recommendationservice-f66996645-tcz8s, Node 1414, FinalScore=%!f(int64=0)
I0511 11:27:38.593237       1 network_score_plugin.go:150] [Score] Pod recommendationservice-f66996645-tcz8s has no dependency or reverse dependency; assigning default score
I0511 11:27:38.593253       1 network_score_plugin.go:155] [Score] Pod recommendationservice-f66996645-tcz8s, Node 1402, FinalScore=%!f(int64=0)
I0511 11:27:38.595822       1 network_score_plugin.go:150] [Score] Pod recommendationservice-f66996645-tcz8s has no dependency or reverse dependency; assigning default score
I0511 11:27:38.595841       1 network_score_plugin.go:155] [Score] Pod recommendationservice-f66996645-tcz8s, Node 1418, FinalScore=%!f(int64=0)
I0511 11:27:38.602671       1 network_score_plugin.go:150] [Score] Pod recommendationservice-f66996645-tcz8s has no dependency or reverse dependency; assigning default score
I0511 11:27:38.602692       1 network_score_plugin.go:155] [Score] Pod recommendationservice-f66996645-tcz8s, Node 1416, FinalScore=%!f(int64=0)
I0511 11:27:38.613869       1 network_score_plugin.go:150] [Score] Pod recommendationservice-f66996645-tcz8s has no dependency or reverse dependency; assigning default score
I0511 11:27:38.613890       1 network_score_plugin.go:155] [Score] Pod recommendationservice-f66996645-tcz8s, Node 1407, FinalScore=%!f(int64=0)
I0511 11:27:38.624478       1 network_score_plugin.go:150] [Score] Pod recommendationservice-f66996645-tcz8s has no dependency or reverse dependency; assigning default score
I0511 11:27:38.625942       1 network_score_plugin.go:155] [Score] Pod recommendationservice-f66996645-tcz8s, Node 1403, FinalScore=%!f(int64=0)
I0511 11:27:38.627659       1 network_score_plugin.go:150] [Score] Pod recommendationservice-f66996645-tcz8s has no dependency or reverse dependency; assigning default score
I0511 11:27:38.628420       1 network_score_plugin.go:155] [Score] Pod recommendationservice-f66996645-tcz8s, Node 1413, FinalScore=%!f(int64=0)
I0511 11:27:38.633657       1 network_score_plugin.go:150] [Score] Pod recommendationservice-f66996645-tcz8s has no dependency or reverse dependency; assigning default score
I0511 11:27:38.634415       1 network_score_plugin.go:155] [Score] Pod recommendationservice-f66996645-tcz8s, Node 1417, FinalScore=%!f(int64=0)
I0511 11:27:38.636120       1 network_score_plugin.go:150] [Score] Pod recommendationservice-f66996645-tcz8s has no dependency or reverse dependency; assigning default score
I0511 11:27:38.638371       1 network_score_plugin.go:155] [Score] Pod recommendationservice-f66996645-tcz8s, Node 1419, FinalScore=%!f(int64=0)
I0511 11:27:38.636963       1 network_score_plugin.go:150] [Score] Pod recommendationservice-f66996645-tcz8s has no dependency or reverse dependency; assigning default score
I0511 11:27:38.640272       1 network_score_plugin.go:155] [Score] Pod recommendationservice-f66996645-tcz8s, Node 1405, FinalScore=%!f(int64=0)
I0511 11:27:38.637753       1 network_score_plugin.go:150] [Score] Pod recommendationservice-f66996645-tcz8s has no dependency or reverse dependency; assigning default score
I0511 11:27:38.641690       1 network_score_plugin.go:155] [Score] Pod recommendationservice-f66996645-tcz8s, Node 1415, FinalScore=%!f(int64=0)
I0511 11:27:38.643185       1 network_score_plugin.go:150] [Score] Pod recommendationservice-f66996645-tcz8s has no dependency or reverse dependency; assigning default score
I0511 11:27:38.643529       1 network_score_plugin.go:155] [Score] Pod recommendationservice-f66996645-tcz8s, Node 1411, FinalScore=%!f(int64=0)
I0511 11:27:38.644970       1 network_score_plugin.go:150] [Score] Pod recommendationservice-f66996645-tcz8s has no dependency or reverse dependency; assigning default score
I0511 11:27:38.645890       1 network_score_plugin.go:155] [Score] Pod recommendationservice-f66996645-tcz8s, Node 1409, FinalScore=%!f(int64=0)
I0511 11:27:38.811396       1 network_score_plugin.go:155] [Score] Pod frontend-564d4c4bdd-wq89k, Node 1410, FinalScore=%!f(int64=53)
I0511 11:27:38.811558       1 network_score_plugin.go:155] [Score] Pod frontend-564d4c4bdd-wq89k, Node 1406, FinalScore=%!f(int64=59)
I0511 11:27:38.815650       1 network_score_plugin.go:155] [Score] Pod frontend-564d4c4bdd-wq89k, Node 1402, FinalScore=%!f(int64=60)
I0511 11:27:38.825976       1 network_score_plugin.go:155] [Score] Pod frontend-564d4c4bdd-wq89k, Node 1404, FinalScore=%!f(int64=51)
I0511 11:27:38.830767       1 network_score_plugin.go:155] [Score] Pod frontend-564d4c4bdd-wq89k, Node 1412, FinalScore=%!f(int64=49)
I0511 11:27:38.831782       1 network_score_plugin.go:155] [Score] Pod frontend-564d4c4bdd-wq89k, Node 1414, FinalScore=%!f(int64=47)
I0511 11:27:38.834464       1 network_score_plugin.go:155] [Score] Pod frontend-564d4c4bdd-wq89k, Node 1411, FinalScore=%!f(int64=53)
I0511 11:27:38.836342       1 network_score_plugin.go:155] [Score] Pod frontend-564d4c4bdd-wq89k, Node 1407, FinalScore=%!f(int64=54)
I0511 11:27:38.837978       1 network_score_plugin.go:155] [Score] Pod frontend-564d4c4bdd-wq89k, Node 1420, FinalScore=%!f(int64=47)
I0511 11:27:38.839395       1 network_score_plugin.go:155] [Score] Pod frontend-564d4c4bdd-wq89k, Node 1416, FinalScore=%!f(int64=47)
I0511 11:27:38.840851       1 network_score_plugin.go:155] [Score] Pod frontend-564d4c4bdd-wq89k, Node 1408, FinalScore=%!f(int64=53)
I0511 11:27:38.841274       1 network_score_plugin.go:155] [Score] Pod frontend-564d4c4bdd-wq89k, Node 1418, FinalScore=%!f(int64=50)
I0511 11:27:38.843653       1 network_score_plugin.go:155] [Score] Pod frontend-564d4c4bdd-wq89k, Node 1403, FinalScore=%!f(int64=60)
I0511 11:27:38.847439       1 network_score_plugin.go:155] [Score] Pod frontend-564d4c4bdd-wq89k, Node 1413, FinalScore=%!f(int64=48)
I0511 11:27:38.854365       1 network_score_plugin.go:155] [Score] Pod frontend-564d4c4bdd-wq89k, Node 1415, FinalScore=%!f(int64=51)
I0511 11:27:38.856159       1 network_score_plugin.go:155] [Score] Pod frontend-564d4c4bdd-wq89k, Node 1405, FinalScore=%!f(int64=60)
I0511 11:27:38.867130       1 network_score_plugin.go:155] [Score] Pod frontend-564d4c4bdd-wq89k, Node 1417, FinalScore=%!f(int64=44)
I0511 11:27:38.882885       1 network_score_plugin.go:155] [Score] Pod frontend-564d4c4bdd-wq89k, Node 1409, FinalScore=%!f(int64=52)
I0511 11:27:38.890833       1 network_score_plugin.go:155] [Score] Pod frontend-564d4c4bdd-wq89k, Node 1419, FinalScore=%!f(int64=50)
I0511 11:27:39.239544       1 network_score_plugin.go:155] [Score] Pod paymentservice-ff9855f8f-c6w4p, Node 1418, FinalScore=%!f(int64=80)
I0511 11:27:39.244054       1 network_score_plugin.go:155] [Score] Pod paymentservice-ff9855f8f-c6w4p, Node 1402, FinalScore=%!f(int64=30)
I0511 11:27:39.246132       1 network_score_plugin.go:155] [Score] Pod paymentservice-ff9855f8f-c6w4p, Node 1410, FinalScore=%!f(int64=39)
I0511 11:27:39.247050       1 network_score_plugin.go:155] [Score] Pod paymentservice-ff9855f8f-c6w4p, Node 1416, FinalScore=%!f(int64=32)
I0511 11:27:39.260075       1 network_score_plugin.go:155] [Score] Pod paymentservice-ff9855f8f-c6w4p, Node 1414, FinalScore=%!f(int64=37)
I0511 11:27:39.265844       1 network_score_plugin.go:155] [Score] Pod paymentservice-ff9855f8f-c6w4p, Node 1419, FinalScore=%!f(int64=81)
I0511 11:27:39.267611       1 network_score_plugin.go:155] [Score] Pod paymentservice-ff9855f8f-c6w4p, Node 1408, FinalScore=%!f(int64=32)
I0511 11:27:39.272119       1 network_score_plugin.go:155] [Score] Pod paymentservice-ff9855f8f-c6w4p, Node 1411, FinalScore=%!f(int64=38)
I0511 11:27:39.272315       1 network_score_plugin.go:155] [Score] Pod paymentservice-ff9855f8f-c6w4p, Node 1404, FinalScore=%!f(int64=37)
I0511 11:27:39.276510       1 network_score_plugin.go:155] [Score] Pod paymentservice-ff9855f8f-c6w4p, Node 1420, FinalScore=%!f(int64=79)
I0511 11:27:39.279260       1 network_score_plugin.go:155] [Score] Pod paymentservice-ff9855f8f-c6w4p, Node 1412, FinalScore=%!f(int64=30)
I0511 11:27:39.284106       1 network_score_plugin.go:155] [Score] Pod paymentservice-ff9855f8f-c6w4p, Node 1417, FinalScore=%!f(int64=79)
I0511 11:27:39.286027       1 network_score_plugin.go:155] [Score] Pod paymentservice-ff9855f8f-c6w4p, Node 1406, FinalScore=%!f(int64=37)
I0511 11:27:39.286463       1 network_score_plugin.go:155] [Score] Pod paymentservice-ff9855f8f-c6w4p, Node 1403, FinalScore=%!f(int64=32)
I0511 11:27:39.294179       1 network_score_plugin.go:155] [Score] Pod paymentservice-ff9855f8f-c6w4p, Node 1415, FinalScore=%!f(int64=42)
I0511 11:27:39.300903       1 network_score_plugin.go:155] [Score] Pod paymentservice-ff9855f8f-c6w4p, Node 1409, FinalScore=%!f(int64=32)
I0511 11:27:39.307936       1 network_score_plugin.go:155] [Score] Pod paymentservice-ff9855f8f-c6w4p, Node 1413, FinalScore=%!f(int64=42)
I0511 11:27:39.310591       1 network_score_plugin.go:155] [Score] Pod paymentservice-ff9855f8f-c6w4p, Node 1407, FinalScore=%!f(int64=40)
I0511 11:27:39.312924       1 network_score_plugin.go:155] [Score] Pod paymentservice-ff9855f8f-c6w4p, Node 1405, FinalScore=%!f(int64=31)
I0511 11:27:39.682929       1 network_score_plugin.go:155] [Score] Pod productcatalogservice-6db48988cc-kc4xn, Node 1408, FinalScore=%!f(int64=65)
I0511 11:27:39.686083       1 network_score_plugin.go:155] [Score] Pod productcatalogservice-6db48988cc-kc4xn, Node 1414, FinalScore=%!f(int64=59)
I0511 11:27:39.689059       1 network_score_plugin.go:155] [Score] Pod productcatalogservice-6db48988cc-kc4xn, Node 1416, FinalScore=%!f(int64=59)
I0511 11:27:39.714044       1 network_score_plugin.go:155] [Score] Pod productcatalogservice-6db48988cc-kc4xn, Node 1402, FinalScore=%!f(int64=72)
I0511 11:27:39.693847       1 network_score_plugin.go:155] [Score] Pod productcatalogservice-6db48988cc-kc4xn, Node 1410, FinalScore=%!f(int64=66)
I0511 11:27:39.700339       1 network_score_plugin.go:155] [Score] Pod productcatalogservice-6db48988cc-kc4xn, Node 1418, FinalScore=%!f(int64=41)
I0511 11:27:39.700376       1 network_score_plugin.go:155] [Score] Pod productcatalogservice-6db48988cc-kc4xn, Node 1420, FinalScore=%!f(int64=40)
I0511 11:27:39.703815       1 network_score_plugin.go:155] [Score] Pod productcatalogservice-6db48988cc-kc4xn, Node 1415, FinalScore=%!f(int64=60)
I0511 11:27:39.709879       1 network_score_plugin.go:155] [Score] Pod productcatalogservice-6db48988cc-kc4xn, Node 1409, FinalScore=%!f(int64=64)
I0511 11:27:39.713221       1 network_score_plugin.go:155] [Score] Pod productcatalogservice-6db48988cc-kc4xn, Node 1406, FinalScore=%!f(int64=73)
I0511 11:27:39.737274       1 network_score_plugin.go:155] [Score] Pod productcatalogservice-6db48988cc-kc4xn, Node 1404, FinalScore=%!f(int64=67)
I0511 11:27:39.743389       1 network_score_plugin.go:155] [Score] Pod productcatalogservice-6db48988cc-kc4xn, Node 1412, FinalScore=%!f(int64=60)
I0511 11:27:39.749429       1 network_score_plugin.go:155] [Score] Pod productcatalogservice-6db48988cc-kc4xn, Node 1407, FinalScore=%!f(int64=65)
I0511 11:27:39.752185       1 network_score_plugin.go:155] [Score] Pod productcatalogservice-6db48988cc-kc4xn, Node 1419, FinalScore=%!f(int64=42)
I0511 11:27:39.754240       1 network_score_plugin.go:155] [Score] Pod productcatalogservice-6db48988cc-kc4xn, Node 1403, FinalScore=%!f(int64=66)
I0511 11:27:39.755861       1 network_score_plugin.go:155] [Score] Pod productcatalogservice-6db48988cc-kc4xn, Node 1411, FinalScore=%!f(int64=66)
I0511 11:27:39.757548       1 network_score_plugin.go:155] [Score] Pod productcatalogservice-6db48988cc-kc4xn, Node 1417, FinalScore=%!f(int64=40)
I0511 11:27:39.758313       1 network_score_plugin.go:155] [Score] Pod productcatalogservice-6db48988cc-kc4xn, Node 1405, FinalScore=%!f(int64=72)
I0511 11:27:39.764104       1 network_score_plugin.go:155] [Score] Pod productcatalogservice-6db48988cc-kc4xn, Node 1413, FinalScore=%!f(int64=61)
I0511 11:27:39.881026       1 network_score_plugin.go:155] [Score] Pod cartservice-cd6bcdb88-9dnr5, Node 1410, FinalScore=%!f(int64=57)
I0511 11:27:39.904035       1 network_score_plugin.go:155] [Score] Pod cartservice-cd6bcdb88-9dnr5, Node 1408, FinalScore=%!f(int64=56)
I0511 11:27:39.884700       1 network_score_plugin.go:155] [Score] Pod cartservice-cd6bcdb88-9dnr5, Node 1402, FinalScore=%!f(int64=63)
I0511 11:27:39.893699       1 network_score_plugin.go:155] [Score] Pod cartservice-cd6bcdb88-9dnr5, Node 1414, FinalScore=%!f(int64=51)
I0511 11:27:39.897582       1 network_score_plugin.go:155] [Score] Pod cartservice-cd6bcdb88-9dnr5, Node 1420, FinalScore=%!f(int64=45)
I0511 11:27:39.898437       1 network_score_plugin.go:155] [Score] Pod cartservice-cd6bcdb88-9dnr5, Node 1404, FinalScore=%!f(int64=65)
I0511 11:27:39.899470       1 network_score_plugin.go:155] [Score] Pod cartservice-cd6bcdb88-9dnr5, Node 1418, FinalScore=%!f(int64=49)
I0511 11:27:39.900355       1 network_score_plugin.go:155] [Score] Pod cartservice-cd6bcdb88-9dnr5, Node 1412, FinalScore=%!f(int64=50)
I0511 11:27:39.901681       1 network_score_plugin.go:155] [Score] Pod cartservice-cd6bcdb88-9dnr5, Node 1416, FinalScore=%!f(int64=49)
I0511 11:27:39.913240       1 network_score_plugin.go:155] [Score] Pod cartservice-cd6bcdb88-9dnr5, Node 1406, FinalScore=%!f(int64=65)
I0511 11:27:39.951808       1 network_score_plugin.go:155] [Score] Pod cartservice-cd6bcdb88-9dnr5, Node 1411, FinalScore=%!f(int64=57)
I0511 11:27:39.952896       1 network_score_plugin.go:155] [Score] Pod cartservice-cd6bcdb88-9dnr5, Node 1415, FinalScore=%!f(int64=53)
I0511 11:27:39.957072       1 network_score_plugin.go:155] [Score] Pod cartservice-cd6bcdb88-9dnr5, Node 1409, FinalScore=%!f(int64=54)
I0511 11:27:39.959814       1 network_score_plugin.go:155] [Score] Pod cartservice-cd6bcdb88-9dnr5, Node 1403, FinalScore=%!f(int64=54)
I0511 11:27:39.961096       1 network_score_plugin.go:155] [Score] Pod cartservice-cd6bcdb88-9dnr5, Node 1407, FinalScore=%!f(int64=55)
I0511 11:27:39.962534       1 network_score_plugin.go:155] [Score] Pod cartservice-cd6bcdb88-9dnr5, Node 1413, FinalScore=%!f(int64=54)
I0511 11:27:39.963347       1 network_score_plugin.go:155] [Score] Pod cartservice-cd6bcdb88-9dnr5, Node 1419, FinalScore=%!f(int64=45)
I0511 11:27:39.964643       1 network_score_plugin.go:155] [Score] Pod cartservice-cd6bcdb88-9dnr5, Node 1405, FinalScore=%!f(int64=64)
I0511 11:27:39.965595       1 network_score_plugin.go:155] [Score] Pod cartservice-cd6bcdb88-9dnr5, Node 1417, FinalScore=%!f(int64=44)
I0511 11:27:40.146138       1 network_score_plugin.go:155] [Score] Pod redis-cart-7745959c6d-x659c, Node 1410, FinalScore=%!f(int64=84)
I0511 11:27:40.156107       1 network_score_plugin.go:155] [Score] Pod redis-cart-7745959c6d-x659c, Node 1414, FinalScore=%!f(int64=72)
I0511 11:27:40.175239       1 network_score_plugin.go:155] [Score] Pod redis-cart-7745959c6d-x659c, Node 1402, FinalScore=%!f(int64=100)
I0511 11:27:40.184821       1 network_score_plugin.go:155] [Score] Pod redis-cart-7745959c6d-x659c, Node 1406, FinalScore=%!f(int64=99)
I0511 11:27:40.187286       1 network_score_plugin.go:155] [Score] Pod redis-cart-7745959c6d-x659c, Node 1418, FinalScore=%!f(int64=22)
I0511 11:27:40.190249       1 network_score_plugin.go:155] [Score] Pod redis-cart-7745959c6d-x659c, Node 1416, FinalScore=%!f(int64=74)
I0511 11:27:40.193952       1 network_score_plugin.go:155] [Score] Pod redis-cart-7745959c6d-x659c, Node 1408, FinalScore=%!f(int64=81)
I0511 11:27:40.219508       1 network_score_plugin.go:155] [Score] Pod redis-cart-7745959c6d-x659c, Node 1404, FinalScore=%!f(int64=80)
I0511 11:27:40.222545       1 network_score_plugin.go:155] [Score] Pod redis-cart-7745959c6d-x659c, Node 1420, FinalScore=%!f(int64=20)
I0511 11:27:40.225797       1 network_score_plugin.go:155] [Score] Pod redis-cart-7745959c6d-x659c, Node 1412, FinalScore=%!f(int64=75)
I0511 11:27:40.227139       1 network_score_plugin.go:155] [Score] Pod redis-cart-7745959c6d-x659c, Node 1411, FinalScore=%!f(int64=83)
I0511 11:27:40.236915       1 network_score_plugin.go:155] [Score] Pod redis-cart-7745959c6d-x659c, Node 1417, FinalScore=%!f(int64=19)
I0511 11:27:40.240544       1 network_score_plugin.go:155] [Score] Pod redis-cart-7745959c6d-x659c, Node 1419, FinalScore=%!f(int64=27)
I0511 11:27:40.247451       1 network_score_plugin.go:155] [Score] Pod redis-cart-7745959c6d-x659c, Node 1415, FinalScore=%!f(int64=70)
I0511 11:27:40.252764       1 network_score_plugin.go:155] [Score] Pod redis-cart-7745959c6d-x659c, Node 1403, FinalScore=%!f(int64=100)
I0511 11:27:40.260890       1 network_score_plugin.go:155] [Score] Pod redis-cart-7745959c6d-x659c, Node 1413, FinalScore=%!f(int64=73)
I0511 11:27:40.262007       1 network_score_plugin.go:155] [Score] Pod redis-cart-7745959c6d-x659c, Node 1407, FinalScore=%!f(int64=83)
I0511 11:27:40.267667       1 network_score_plugin.go:155] [Score] Pod redis-cart-7745959c6d-x659c, Node 1409, FinalScore=%!f(int64=77)
I0511 11:27:40.267803       1 network_score_plugin.go:155] [Score] Pod redis-cart-7745959c6d-x659c, Node 1405, FinalScore=%!f(int64=99)
I0511 11:27:40.453017       1 network_score_plugin.go:155] [Score] Pod currencyservice-675db6f975-87glt, Node 1420, FinalScore=%!f(int64=49)
I0511 11:27:40.456149       1 network_score_plugin.go:155] [Score] Pod currencyservice-675db6f975-87glt, Node 1416, FinalScore=%!f(int64=49)
I0511 11:27:40.461670       1 network_score_plugin.go:155] [Score] Pod currencyservice-675db6f975-87glt, Node 1414, FinalScore=%!f(int64=52)
I0511 11:27:40.462395       1 network_score_plugin.go:155] [Score] Pod currencyservice-675db6f975-87glt, Node 1418, FinalScore=%!f(int64=53)
I0511 11:27:40.473733       1 network_score_plugin.go:155] [Score] Pod currencyservice-675db6f975-87glt, Node 1410, FinalScore=%!f(int64=58)
I0511 11:27:40.476580       1 network_score_plugin.go:155] [Score] Pod currencyservice-675db6f975-87glt, Node 1408, FinalScore=%!f(int64=56)
I0511 11:27:40.480095       1 network_score_plugin.go:155] [Score] Pod currencyservice-675db6f975-87glt, Node 1412, FinalScore=%!f(int64=50)
I0511 11:27:40.481123       1 network_score_plugin.go:155] [Score] Pod currencyservice-675db6f975-87glt, Node 1406, FinalScore=%!f(int64=65)
I0511 11:27:40.482479       1 network_score_plugin.go:155] [Score] Pod currencyservice-675db6f975-87glt, Node 1404, FinalScore=%!f(int64=65)
I0511 11:27:40.484723       1 network_score_plugin.go:155] [Score] Pod currencyservice-675db6f975-87glt, Node 1402, FinalScore=%!f(int64=63)
I0511 11:27:40.489110       1 network_score_plugin.go:155] [Score] Pod currencyservice-675db6f975-87glt, Node 1417, FinalScore=%!f(int64=48)
I0511 11:27:40.491620       1 network_score_plugin.go:155] [Score] Pod currencyservice-675db6f975-87glt, Node 1415, FinalScore=%!f(int64=54)
I0511 11:27:40.495015       1 network_score_plugin.go:155] [Score] Pod currencyservice-675db6f975-87glt, Node 1409, FinalScore=%!f(int64=54)
I0511 11:27:40.496464       1 network_score_plugin.go:155] [Score] Pod currencyservice-675db6f975-87glt, Node 1411, FinalScore=%!f(int64=58)
I0511 11:27:40.498626       1 network_score_plugin.go:155] [Score] Pod currencyservice-675db6f975-87glt, Node 1419, FinalScore=%!f(int64=50)
I0511 11:27:40.503183       1 network_score_plugin.go:155] [Score] Pod currencyservice-675db6f975-87glt, Node 1413, FinalScore=%!f(int64=55)
I0511 11:27:40.504489       1 network_score_plugin.go:155] [Score] Pod currencyservice-675db6f975-87glt, Node 1407, FinalScore=%!f(int64=54)
I0511 11:27:40.506319       1 network_score_plugin.go:155] [Score] Pod currencyservice-675db6f975-87glt, Node 1405, FinalScore=%!f(int64=64)
I0511 11:27:40.508074       1 network_score_plugin.go:155] [Score] Pod currencyservice-675db6f975-87glt, Node 1403, FinalScore=%!f(int64=54)
I0511 11:27:40.722068       1 network_score_plugin.go:155] [Score] Pod shippingservice-68bbf786fc-h8ppb, Node 1406, FinalScore=%!f(int64=66)
I0511 11:27:40.738375       1 network_score_plugin.go:155] [Score] Pod shippingservice-68bbf786fc-h8ppb, Node 1420, FinalScore=%!f(int64=58)
I0511 11:27:40.740117       1 network_score_plugin.go:155] [Score] Pod shippingservice-68bbf786fc-h8ppb, Node 1408, FinalScore=%!f(int64=59)
I0511 11:27:40.751344       1 network_score_plugin.go:155] [Score] Pod shippingservice-68bbf786fc-h8ppb, Node 1416, FinalScore=%!f(int64=53)
I0511 11:27:40.763006       1 network_score_plugin.go:155] [Score] Pod shippingservice-68bbf786fc-h8ppb, Node 1412, FinalScore=%!f(int64=53)
I0511 11:27:40.767066       1 network_score_plugin.go:155] [Score] Pod shippingservice-68bbf786fc-h8ppb, Node 1404, FinalScore=%!f(int64=66)
I0511 11:27:40.769586       1 network_score_plugin.go:155] [Score] Pod shippingservice-68bbf786fc-h8ppb, Node 1402, FinalScore=%!f(int64=64)
I0511 11:27:40.774262       1 network_score_plugin.go:155] [Score] Pod shippingservice-68bbf786fc-h8ppb, Node 1410, FinalScore=%!f(int64=60)
I0511 11:27:40.777087       1 network_score_plugin.go:155] [Score] Pod shippingservice-68bbf786fc-h8ppb, Node 1414, FinalScore=%!f(int64=55)
I0511 11:27:40.784389       1 network_score_plugin.go:155] [Score] Pod shippingservice-68bbf786fc-h8ppb, Node 1418, FinalScore=%!f(int64=58)
I0511 11:27:40.813184       1 network_score_plugin.go:155] [Score] Pod shippingservice-68bbf786fc-h8ppb, Node 1409, FinalScore=%!f(int64=57)
I0511 11:27:40.820577       1 network_score_plugin.go:155] [Score] Pod shippingservice-68bbf786fc-h8ppb, Node 1411, FinalScore=%!f(int64=60)
I0511 11:27:40.826188       1 network_score_plugin.go:155] [Score] Pod shippingservice-68bbf786fc-h8ppb, Node 1419, FinalScore=%!f(int64=58)
I0511 11:27:40.827560       1 network_score_plugin.go:155] [Score] Pod shippingservice-68bbf786fc-h8ppb, Node 1405, FinalScore=%!f(int64=64)
I0511 11:27:40.828752       1 network_score_plugin.go:155] [Score] Pod shippingservice-68bbf786fc-h8ppb, Node 1403, FinalScore=%!f(int64=55)
I0511 11:27:40.828983       1 network_score_plugin.go:155] [Score] Pod shippingservice-68bbf786fc-h8ppb, Node 1413, FinalScore=%!f(int64=58)
I0511 11:27:40.836453       1 network_score_plugin.go:155] [Score] Pod shippingservice-68bbf786fc-h8ppb, Node 1417, FinalScore=%!f(int64=57)
I0511 11:27:40.838189       1 network_score_plugin.go:155] [Score] Pod shippingservice-68bbf786fc-h8ppb, Node 1407, FinalScore=%!f(int64=56)
I0511 11:27:40.840872       1 network_score_plugin.go:155] [Score] Pod shippingservice-68bbf786fc-h8ppb, Node 1415, FinalScore=%!f(int64=57)
I0511 11:27:41.021029       1 network_score_plugin.go:155] [Score] Pod adservice-57678c7795-dmvt4, Node 1420, FinalScore=%!f(int64=22)
I0511 11:27:41.026577       1 network_score_plugin.go:155] [Score] Pod adservice-57678c7795-dmvt4, Node 1418, FinalScore=%!f(int64=21)
I0511 11:27:41.032900       1 network_score_plugin.go:155] [Score] Pod adservice-57678c7795-dmvt4, Node 1412, FinalScore=%!f(int64=81)
I0511 11:27:41.039924       1 network_score_plugin.go:155] [Score] Pod adservice-57678c7795-dmvt4, Node 1414, FinalScore=%!f(int64=80)
I0511 11:27:41.041765       1 network_score_plugin.go:155] [Score] Pod adservice-57678c7795-dmvt4, Node 1404, FinalScore=%!f(int64=100)
I0511 11:27:41.049003       1 network_score_plugin.go:155] [Score] Pod adservice-57678c7795-dmvt4, Node 1416, FinalScore=%!f(int64=79)
I0511 11:27:41.050937       1 network_score_plugin.go:155] [Score] Pod adservice-57678c7795-dmvt4, Node 1410, FinalScore=%!f(int64=89)
I0511 11:27:41.051958       1 network_score_plugin.go:155] [Score] Pod adservice-57678c7795-dmvt4, Node 1406, FinalScore=%!f(int64=100)
I0511 11:27:41.053946       1 network_score_plugin.go:155] [Score] Pod adservice-57678c7795-dmvt4, Node 1413, FinalScore=%!f(int64=81)
I0511 11:27:41.057050       1 network_score_plugin.go:155] [Score] Pod adservice-57678c7795-dmvt4, Node 1419, FinalScore=%!f(int64=21)
I0511 11:27:41.059637       1 network_score_plugin.go:155] [Score] Pod adservice-57678c7795-dmvt4, Node 1408, FinalScore=%!f(int64=90)
I0511 11:27:41.063627       1 network_score_plugin.go:155] [Score] Pod adservice-57678c7795-dmvt4, Node 1402, FinalScore=%!f(int64=100)
I0511 11:27:41.068585       1 network_score_plugin.go:155] [Score] Pod adservice-57678c7795-dmvt4, Node 1417, FinalScore=%!f(int64=21)
I0511 11:27:41.071319       1 network_score_plugin.go:155] [Score] Pod adservice-57678c7795-dmvt4, Node 1407, FinalScore=%!f(int64=85)
I0511 11:27:41.073249       1 network_score_plugin.go:155] [Score] Pod adservice-57678c7795-dmvt4, Node 1411, FinalScore=%!f(int64=89)
I0511 11:27:41.074075       1 network_score_plugin.go:155] [Score] Pod adservice-57678c7795-dmvt4, Node 1415, FinalScore=%!f(int64=79)
I0511 11:27:41.077336       1 network_score_plugin.go:155] [Score] Pod adservice-57678c7795-dmvt4, Node 1405, FinalScore=%!f(int64=99)
I0511 11:27:41.083714       1 network_score_plugin.go:155] [Score] Pod adservice-57678c7795-dmvt4, Node 1409, FinalScore=%!f(int64=88)
I0511 11:27:41.086416       1 network_score_plugin.go:155] [Score] Pod adservice-57678c7795-dmvt4, Node 1403, FinalScore=%!f(int64=80)
